Warning[205] D:\BRIDGE\CITY2020_SEM_A\EE2004\CODE\TUT6\TUT6-2-3.ASM 1 : Found directive in column 1. (LIST)
Warning[205] D:\BRIDGE\CITY2020_SEM_A\EE2004\CODE\TUT6\TUT6-2-3.ASM 6 : Found directive in column 1. (CONFIG)
Warning[205] D:\BRIDGE\CITY2020_SEM_A\EE2004\CODE\TUT6\TUT6-2-3.ASM 7 : Found directive in column 1. (CONFIG)
Warning[205] D:\BRIDGE\CITY2020_SEM_A\EE2004\CODE\TUT6\TUT6-2-3.ASM 8 : Found directive in column 1. (CONFIG)
Warning[205] D:\BRIDGE\CITY2020_SEM_A\EE2004\CODE\TUT6\TUT6-2-3.ASM 12 : Found directive in column 1. (ORG)
Warning[203] D:\BRIDGE\CITY2020_SEM_A\EE2004\CODE\TUT6\TUT6-2-3.ASM 13 : Found opcode in column 1. (goto)
Warning[205] D:\BRIDGE\CITY2020_SEM_A\EE2004\CODE\TUT6\TUT6-2-3.ASM 14 : Found directive in column 1. (ORG)
Warning[203] D:\BRIDGE\CITY2020_SEM_A\EE2004\CODE\TUT6\TUT6-2-3.ASM 16 : Found opcode in column 1. (movwf)
Warning[203] D:\BRIDGE\CITY2020_SEM_A\EE2004\CODE\TUT6\TUT6-2-3.ASM 17 : Found opcode in column 1. (clrf)
Warning[203] D:\BRIDGE\CITY2020_SEM_A\EE2004\CODE\TUT6\TUT6-2-3.ASM 18 : Found opcode in column 1. (clrf)
Warning[203] D:\BRIDGE\CITY2020_SEM_A\EE2004\CODE\TUT6\TUT6-2-3.ASM 21 : Found opcode in column 1. (movlw)
Warning[203] D:\BRIDGE\CITY2020_SEM_A\EE2004\CODE\TUT6\TUT6-2-3.ASM 22 : Found opcode in column 1. (movwf)
Warning[203] D:\BRIDGE\CITY2020_SEM_A\EE2004\CODE\TUT6\TUT6-2-3.ASM 23 : Found opcode in column 1. (call)
Warning[203] D:\BRIDGE\CITY2020_SEM_A\EE2004\CODE\TUT6\TUT6-2-3.ASM 24 : Found opcode in column 1. (movlw)
Warning[203] D:\BRIDGE\CITY2020_SEM_A\EE2004\CODE\TUT6\TUT6-2-3.ASM 25 : Found opcode in column 1. (movwf)
Warning[203] D:\BRIDGE\CITY2020_SEM_A\EE2004\CODE\TUT6\TUT6-2-3.ASM 26 : Found opcode in column 1. (call)
Warning[203] D:\BRIDGE\CITY2020_SEM_A\EE2004\CODE\TUT6\TUT6-2-3.ASM 27 : Found opcode in column 1. (movlw)
Warning[203] D:\BRIDGE\CITY2020_SEM_A\EE2004\CODE\TUT6\TUT6-2-3.ASM 28 : Found opcode in column 1. (movwf)
Warning[203] D:\BRIDGE\CITY2020_SEM_A\EE2004\CODE\TUT6\TUT6-2-3.ASM 29 : Found opcode in column 1. (call)
Warning[203] D:\BRIDGE\CITY2020_SEM_A\EE2004\CODE\TUT6\TUT6-2-3.ASM 30 : Found opcode in column 1. (movlw)
Warning[203] D:\BRIDGE\CITY2020_SEM_A\EE2004\CODE\TUT6\TUT6-2-3.ASM 31 : Found opcode in column 1. (movwf)
Warning[203] D:\BRIDGE\CITY2020_SEM_A\EE2004\CODE\TUT6\TUT6-2-3.ASM 32 : Found opcode in column 1. (call)
Warning[203] D:\BRIDGE\CITY2020_SEM_A\EE2004\CODE\TUT6\TUT6-2-3.ASM 33 : Found opcode in column 1. (movlw)
Warning[203] D:\BRIDGE\CITY2020_SEM_A\EE2004\CODE\TUT6\TUT6-2-3.ASM 34 : Found opcode in column 1. (movwf)
Warning[203] D:\BRIDGE\CITY2020_SEM_A\EE2004\CODE\TUT6\TUT6-2-3.ASM 35 : Found opcode in column 1. (call)
Warning[203] D:\BRIDGE\CITY2020_SEM_A\EE2004\CODE\TUT6\TUT6-2-3.ASM 36 : Found opcode in column 1. (movlw)
Warning[203] D:\BRIDGE\CITY2020_SEM_A\EE2004\CODE\TUT6\TUT6-2-3.ASM 37 : Found opcode in column 1. (movwf)
Warning[203] D:\BRIDGE\CITY2020_SEM_A\EE2004\CODE\TUT6\TUT6-2-3.ASM 38 : Found opcode in column 1. (call)
Warning[203] D:\BRIDGE\CITY2020_SEM_A\EE2004\CODE\TUT6\TUT6-2-3.ASM 39 : Found opcode in column 1. (movlw)
Warning[203] D:\BRIDGE\CITY2020_SEM_A\EE2004\CODE\TUT6\TUT6-2-3.ASM 40 : Found opcode in column 1. (movwf)
Warning[203] D:\BRIDGE\CITY2020_SEM_A\EE2004\CODE\TUT6\TUT6-2-3.ASM 41 : Found opcode in column 1. (call)
Warning[203] D:\BRIDGE\CITY2020_SEM_A\EE2004\CODE\TUT6\TUT6-2-3.ASM 42 : Found opcode in column 1. (movlw)
Warning[203] D:\BRIDGE\CITY2020_SEM_A\EE2004\CODE\TUT6\TUT6-2-3.ASM 43 : Found opcode in column 1. (movwf)
Warning[203] D:\BRIDGE\CITY2020_SEM_A\EE2004\CODE\TUT6\TUT6-2-3.ASM 44 : Found opcode in column 1. (call)
Warning[203] D:\BRIDGE\CITY2020_SEM_A\EE2004\CODE\TUT6\TUT6-2-3.ASM 45 : Found opcode in column 1. (goto)
Warning[203] D:\BRIDGE\CITY2020_SEM_A\EE2004\CODE\TUT6\TUT6-2-3.ASM 48 : Found opcode in column 1. (movwf)
Warning[203] D:\BRIDGE\CITY2020_SEM_A\EE2004\CODE\TUT6\TUT6-2-3.ASM 50 : Found opcode in column 1. (bnz)
Warning[203] D:\BRIDGE\CITY2020_SEM_A\EE2004\CODE\TUT6\TUT6-2-3.ASM 51 : Found opcode in column 1. (return)
Warning[205] D:\BRIDGE\CITY2020_SEM_A\EE2004\CODE\TUT6\TUT6-2-3.ASM 53 : Found directive in column 1. (END)
