cl : 命令行 warning D9035: “Gm”选项已否决，并将在将来的版本中移除
  AboutDlg.cpp
f:\delta-2d\delta-2d_windows_demo\sdk\app\frame_grabber\ref\wtl\atluser.h(1319): warning C4302: “类型强制转换”: 从“LPCTSTR”到“WORD”截断
f:\delta-2d\delta-2d_windows_demo\sdk\app\frame_grabber\ref\wtl\atluser.h(1329): warning C4302: “类型强制转换”: 从“LPCTSTR”到“WORD”截断
f:\delta-2d\delta-2d_windows_demo\sdk\app\frame_grabber\ref\wtl\atlgdi.h(469): warning C4838: 从“int”转换到“UINT”需要收缩转换
f:\delta-2d\delta-2d_windows_demo\sdk\app\frame_grabber\ref\wtl\atlgdi.h(476): warning C4838: 从“int”转换到“UINT”需要收缩转换
f:\delta-2d\delta-2d_windows_demo\sdk\app\frame_grabber\ref\wtl\atlgdi.h(483): warning C4838: 从“int”转换到“UINT”需要收缩转换
f:\delta-2d\delta-2d_windows_demo\sdk\app\frame_grabber\ref\wtl\atlgdi.h(490): warning C4838: 从“int”转换到“UINT”需要收缩转换
f:\delta-2d\delta-2d_windows_demo\sdk\app\frame_grabber\ref\wtl\atlgdi.h(3682): warning C4838: 从“LONG”转换到“DWORD”需要收缩转换
f:\delta-2d\delta-2d_windows_demo\sdk\app\frame_grabber\ref\wtl\atldlgs.h(3208): warning C4302: “类型强制转换”: 从“LPCTSTR”到“WORD”截断
f:\delta-2d\delta-2d_windows_demo\sdk\app\frame_grabber\ref\wtl\atldlgs.h(3230): warning C4302: “类型强制转换”: 从“LPCTSTR”到“WORD”截断
f:\delta-2d\delta-2d_windows_demo\sdk\app\frame_grabber\ref\wtl\atldlgs.h(3291): warning C4302: “类型强制转换”: 从“LPCTSTR”到“WORD”截断
f:\delta-2d\delta-2d_windows_demo\sdk\app\frame_grabber\ref\wtl\atldlgs.h(3306): warning C4302: “类型强制转换”: 从“LPCTSTR”到“WORD”截断
f:\delta-2d\delta-2d_windows_demo\sdk\sdk\include\rslidar_protocol.h(163): warning C4200: 使用了非标准扩展: 结构/联合中的零大小数组
  f:\delta-2d\delta-2d_windows_demo\sdk\sdk\include\rslidar_protocol.h(163): note: 默认构造函数或 copy/move 赋值运算符将忽略此成员
f:\delta-2d\delta-2d_windows_demo\sdk\app\frame_grabber\ref\wtl\atlctrlx.h(3270): warning C4838: 从“int”转换到“UINT_PTR”需要收缩转换
  f:\delta-2d\delta-2d_windows_demo\sdk\app\frame_grabber\ref\wtl\atlctrlx.h(3267): note: 编译 类 模板 成员函数 "void WTL::CSortListViewImpl<T>::NotifyParentSortChanged(int,int)" 时
          with
          [
              T=WTL::CSortListViewCtrl
          ]
  f:\delta-2d\delta-2d_windows_demo\sdk\app\frame_grabber\ref\wtl\atlctrlx.h(3664): note: 参见对正在编译的函数 模板 实例化“void WTL::CSortListViewImpl<T>::NotifyParentSortChanged(int,int)”的引用
          with
          [
              T=WTL::CSortListViewCtrl
          ]
  f:\delta-2d\delta-2d_windows_demo\sdk\app\frame_grabber\ref\wtl\atlctrlx.h(3701): note: 参见对正在编译的 类 模板 实例化 "WTL::CSortListViewImpl<T>" 的引用
          with
          [
              T=WTL::CSortListViewCtrl
          ]
  f:\delta-2d\delta-2d_windows_demo\sdk\app\frame_grabber\ref\wtl\atlctrlx.h(3720): note: 参见对正在编译的 类 模板 实例化 "WTL::CSortListViewCtrlImpl<WTL::CSortListViewCtrl,WTL::CListViewCtrl,WTL::CSortListViewCtrlTraits>" 的引用
f:\delta-2d\delta-2d_windows_demo\sdk\app\frame_grabber\ref\wtl\atlctrlx.h(1081): warning C4838: 从“int”转换到“UINT_PTR”需要收缩转换
  f:\delta-2d\delta-2d_windows_demo\sdk\app\frame_grabber\ref\wtl\atlctrlx.h(1076): note: 编译 类 模板 成员函数 "bool WTL::CHyperLinkImpl<WTL::CHyperLink,ATL::CWindow,ATL::CControlWinTraits>::Navigate(void)" 时
  f:\delta-2d\delta-2d_windows_demo\sdk\app\frame_grabber\ref\wtl\atlctrlx.h(1323): note: 参见对正在编译的函数 模板 实例化“bool WTL::CHyperLinkImpl<WTL::CHyperLink,ATL::CWindow,ATL::CControlWinTraits>::Navigate(void)”的引用
  f:\delta-2d\delta-2d_windows_demo\sdk\app\frame_grabber\ref\wtl\atlctrlx.h(1820): note: 参见对正在编译的 类 模板 实例化 "WTL::CHyperLinkImpl<WTL::CHyperLink,ATL::CWindow,ATL::CControlWinTraits>" 的引用
f:\delta-2d\delta-2d_windows_demo\sdk\app\frame_grabber\ref\wtl\atlctrlw.h(2915): warning C4838: 从“int”转换到“UINT”需要收缩转换
  f:\delta-2d\delta-2d_windows_demo\sdk\app\frame_grabber\ref\wtl\atlctrlw.h(2908): note: 编译 类 模板 成员函数 "bool WTL::CCommandBarCtrlImpl<T,TBase,TWinTraits>::DisplayChevronMenu(void)" 时
          with
          [
              T=WTL::CMDICommandBarCtrl,
              TBase=WTL::CCommandBarCtrlBase,
              TWinTraits=ATL::CControlWinTraits
          ]
  f:\delta-2d\delta-2d_windows_demo\sdk\app\frame_grabber\ref\wtl\atlctrlw.h(2068): note: 参见对正在编译的函数 模板 实例化“bool WTL::CCommandBarCtrlImpl<T,TBase,TWinTraits>::DisplayChevronMenu(void)”的引用
          with
          [
              T=WTL::CMDICommandBarCtrl,
              TBase=WTL::CCommandBarCtrlBase,
              TWinTraits=ATL::CControlWinTraits
          ]
  f:\delta-2d\delta-2d_windows_demo\sdk\app\frame_grabber\ref\wtl\atlctrlw.h(3269): note: 参见对正在编译的 类 模板 实例化 "WTL::CCommandBarCtrlImpl<T,TBase,TWinTraits>" 的引用
          with
          [
              T=WTL::CMDICommandBarCtrl,
              TBase=WTL::CCommandBarCtrlBase,
              TWinTraits=ATL::CControlWinTraits
          ]
  f:\delta-2d\delta-2d_windows_demo\sdk\app\frame_grabber\ref\wtl\atlctrlw.h(4150): note: 参见对正在编译的 类 模板 实例化 "WTL::CMDICommandBarCtrlImpl<WTL::CMDICommandBarCtrl,WTL::CCommandBarCtrlBase,ATL::CControlWinTraits>" 的引用
f:\delta-2d\delta-2d_windows_demo\sdk\app\frame_grabber\ref\wtl\atlctrlw.h(3970): warning C4838: 从“int”转换到“UINT”需要收缩转换
  f:\delta-2d\delta-2d_windows_demo\sdk\app\frame_grabber\ref\wtl\atlctrlw.h(3964): note: 编译 类 模板 成员函数 "void WTL::CMDICommandBarCtrlImpl<WTL::CMDICommandBarCtrl,WTL::CCommandBarCtrlBase,ATL::CControlWinTraits>::GetSystemSettings(void)" 时
  f:\delta-2d\delta-2d_windows_demo\sdk\app\frame_grabber\ref\wtl\atlctrlw.h(1432): note: 参见对正在编译的函数 模板 实例化“void WTL::CMDICommandBarCtrlImpl<WTL::CMDICommandBarCtrl,WTL::CCommandBarCtrlBase,ATL::CControlWinTraits>::GetSystemSettings(void)”的引用
f:\delta-2d\delta-2d_windows_demo\sdk\app\frame_grabber\ref\wtl\atlctrlw.h(3910): warning C4838: 从“int”转换到“UINT”需要收缩转换
  f:\delta-2d\delta-2d_windows_demo\sdk\app\frame_grabber\ref\wtl\atlctrlw.h(3860): note: 编译 类 模板 成员函数 "void WTL::CMDICommandBarCtrlImpl<WTL::CMDICommandBarCtrl,WTL::CCommandBarCtrlBase,ATL::CControlWinTraits>::_ProcessAllHookMessages(UINT,WPARAM,LPARAM)" 时
  f:\delta-2d\delta-2d_windows_demo\sdk\app\frame_grabber\ref\wtl\atlctrlw.h(3824): note: 参见对正在编译的函数 模板 实例化“void WTL::CMDICommandBarCtrlImpl<WTL::CMDICommandBarCtrl,WTL::CCommandBarCtrlBase,ATL::CControlWinTraits>::_ProcessAllHookMessages(UINT,WPARAM,LPARAM)”的引用
f:\delta-2d\delta-2d_windows_demo\sdk\app\frame_grabber\ref\wtl\atlctrlw.h(3839): warning C4838: 从“int”转换到“UINT”需要收缩转换
  f:\delta-2d\delta-2d_windows_demo\sdk\app\frame_grabber\ref\wtl\atlctrlw.h(3833): note: 编译 类 模板 成员函数 "void WTL::CMDICommandBarCtrlImpl<WTL::CMDICommandBarCtrl,WTL::CCommandBarCtrlBase,ATL::CControlWinTraits>::UpdateRebarBandIdealSize(void)" 时
  f:\delta-2d\delta-2d_windows_demo\sdk\app\frame_grabber\ref\wtl\atlctrlw.h(3814): note: 参见对正在编译的函数 模板 实例化“void WTL::CMDICommandBarCtrlImpl<WTL::CMDICommandBarCtrl,WTL::CCommandBarCtrlBase,ATL::CControlWinTraits>::UpdateRebarBandIdealSize(void)”的引用
f:\delta-2d\delta-2d_windows_demo\sdk\app\frame_grabber\ref\wtl\atlctrlw.h(2935): warning C4838: 从“int”转换到“UINT”需要收缩转换
  f:\delta-2d\delta-2d_windows_demo\sdk\app\frame_grabber\ref\wtl\atlctrlw.h(2933): note: 编译 类 模板 成员函数 "void WTL::CCommandBarCtrlImpl<WTL::CCommandBarCtrl,WTL::CCommandBarCtrlBase,ATL::CControlWinTraits>::GetSystemSettings(void)" 时
  f:\delta-2d\delta-2d_windows_demo\sdk\app\frame_grabber\ref\wtl\atlctrlw.h(1432): note: 参见对正在编译的函数 模板 实例化“void WTL::CCommandBarCtrlImpl<WTL::CCommandBarCtrl,WTL::CCommandBarCtrlBase,ATL::CControlWinTraits>::GetSystemSettings(void)”的引用
  f:\delta-2d\delta-2d_windows_demo\sdk\app\frame_grabber\ref\wtl\atlctrlw.h(3258): note: 参见对正在编译的 类 模板 实例化 "WTL::CCommandBarCtrlImpl<WTL::CCommandBarCtrl,WTL::CCommandBarCtrlBase,ATL::CControlWinTraits>" 的引用
  正在生成代码...
  正在编译...
  stdafx.cpp
f:\delta-2d\delta-2d_windows_demo\sdk\app\frame_grabber\ref\wtl\atluser.h(1319): warning C4302: “类型强制转换”: 从“LPCTSTR”到“WORD”截断
f:\delta-2d\delta-2d_windows_demo\sdk\app\frame_grabber\ref\wtl\atluser.h(1329): warning C4302: “类型强制转换”: 从“LPCTSTR”到“WORD”截断
f:\delta-2d\delta-2d_windows_demo\sdk\app\frame_grabber\ref\wtl\atlgdi.h(469): warning C4838: 从“int”转换到“UINT”需要收缩转换
f:\delta-2d\delta-2d_windows_demo\sdk\app\frame_grabber\ref\wtl\atlgdi.h(476): warning C4838: 从“int”转换到“UINT”需要收缩转换
f:\delta-2d\delta-2d_windows_demo\sdk\app\frame_grabber\ref\wtl\atlgdi.h(483): warning C4838: 从“int”转换到“UINT”需要收缩转换
f:\delta-2d\delta-2d_windows_demo\sdk\app\frame_grabber\ref\wtl\atlgdi.h(490): warning C4838: 从“int”转换到“UINT”需要收缩转换
f:\delta-2d\delta-2d_windows_demo\sdk\app\frame_grabber\ref\wtl\atlgdi.h(3682): warning C4838: 从“LONG”转换到“DWORD”需要收缩转换
f:\delta-2d\delta-2d_windows_demo\sdk\app\frame_grabber\ref\wtl\atldlgs.h(3208): warning C4302: “类型强制转换”: 从“LPCTSTR”到“WORD”截断
f:\delta-2d\delta-2d_windows_demo\sdk\app\frame_grabber\ref\wtl\atldlgs.h(3230): warning C4302: “类型强制转换”: 从“LPCTSTR”到“WORD”截断
f:\delta-2d\delta-2d_windows_demo\sdk\app\frame_grabber\ref\wtl\atldlgs.h(3291): warning C4302: “类型强制转换”: 从“LPCTSTR”到“WORD”截断
f:\delta-2d\delta-2d_windows_demo\sdk\app\frame_grabber\ref\wtl\atldlgs.h(3306): warning C4302: “类型强制转换”: 从“LPCTSTR”到“WORD”截断
f:\delta-2d\delta-2d_windows_demo\sdk\sdk\include\rslidar_protocol.h(163): warning C4200: 使用了非标准扩展: 结构/联合中的零大小数组
  f:\delta-2d\delta-2d_windows_demo\sdk\sdk\include\rslidar_protocol.h(163): note: 默认构造函数或 copy/move 赋值运算符将忽略此成员
f:\delta-2d\delta-2d_windows_demo\sdk\app\frame_grabber\ref\wtl\atlctrlx.h(3270): warning C4838: 从“int”转换到“UINT_PTR”需要收缩转换
  f:\delta-2d\delta-2d_windows_demo\sdk\app\frame_grabber\ref\wtl\atlctrlx.h(3267): note: 编译 类 模板 成员函数 "void WTL::CSortListViewImpl<T>::NotifyParentSortChanged(int,int)" 时
          with
          [
              T=WTL::CSortListViewCtrl
          ]
  f:\delta-2d\delta-2d_windows_demo\sdk\app\frame_grabber\ref\wtl\atlctrlx.h(3664): note: 参见对正在编译的函数 模板 实例化“void WTL::CSortListViewImpl<T>::NotifyParentSortChanged(int,int)”的引用
          with
          [
              T=WTL::CSortListViewCtrl
          ]
  f:\delta-2d\delta-2d_windows_demo\sdk\app\frame_grabber\ref\wtl\atlctrlx.h(3701): note: 参见对正在编译的 类 模板 实例化 "WTL::CSortListViewImpl<T>" 的引用
          with
          [
              T=WTL::CSortListViewCtrl
          ]
  f:\delta-2d\delta-2d_windows_demo\sdk\app\frame_grabber\ref\wtl\atlctrlx.h(3720): note: 参见对正在编译的 类 模板 实例化 "WTL::CSortListViewCtrlImpl<WTL::CSortListViewCtrl,WTL::CListViewCtrl,WTL::CSortListViewCtrlTraits>" 的引用
f:\delta-2d\delta-2d_windows_demo\sdk\app\frame_grabber\ref\wtl\atlctrlx.h(1081): warning C4838: 从“int”转换到“UINT_PTR”需要收缩转换
  f:\delta-2d\delta-2d_windows_demo\sdk\app\frame_grabber\ref\wtl\atlctrlx.h(1076): note: 编译 类 模板 成员函数 "bool WTL::CHyperLinkImpl<WTL::CHyperLink,ATL::CWindow,ATL::CControlWinTraits>::Navigate(void)" 时
  f:\delta-2d\delta-2d_windows_demo\sdk\app\frame_grabber\ref\wtl\atlctrlx.h(1323): note: 参见对正在编译的函数 模板 实例化“bool WTL::CHyperLinkImpl<WTL::CHyperLink,ATL::CWindow,ATL::CControlWinTraits>::Navigate(void)”的引用
  f:\delta-2d\delta-2d_windows_demo\sdk\app\frame_grabber\ref\wtl\atlctrlx.h(1820): note: 参见对正在编译的 类 模板 实例化 "WTL::CHyperLinkImpl<WTL::CHyperLink,ATL::CWindow,ATL::CControlWinTraits>" 的引用
f:\delta-2d\delta-2d_windows_demo\sdk\app\frame_grabber\ref\wtl\atlctrlw.h(2915): warning C4838: 从“int”转换到“UINT”需要收缩转换
  f:\delta-2d\delta-2d_windows_demo\sdk\app\frame_grabber\ref\wtl\atlctrlw.h(2908): note: 编译 类 模板 成员函数 "bool WTL::CCommandBarCtrlImpl<T,TBase,TWinTraits>::DisplayChevronMenu(void)" 时
          with
          [
              T=WTL::CMDICommandBarCtrl,
              TBase=WTL::CCommandBarCtrlBase,
              TWinTraits=ATL::CControlWinTraits
          ]
  f:\delta-2d\delta-2d_windows_demo\sdk\app\frame_grabber\ref\wtl\atlctrlw.h(2068): note: 参见对正在编译的函数 模板 实例化“bool WTL::CCommandBarCtrlImpl<T,TBase,TWinTraits>::DisplayChevronMenu(void)”的引用
          with
          [
              T=WTL::CMDICommandBarCtrl,
              TBase=WTL::CCommandBarCtrlBase,
              TWinTraits=ATL::CControlWinTraits
          ]
  f:\delta-2d\delta-2d_windows_demo\sdk\app\frame_grabber\ref\wtl\atlctrlw.h(3269): note: 参见对正在编译的 类 模板 实例化 "WTL::CCommandBarCtrlImpl<T,TBase,TWinTraits>" 的引用
          with
          [
              T=WTL::CMDICommandBarCtrl,
              TBase=WTL::CCommandBarCtrlBase,
              TWinTraits=ATL::CControlWinTraits
          ]
  f:\delta-2d\delta-2d_windows_demo\sdk\app\frame_grabber\ref\wtl\atlctrlw.h(4150): note: 参见对正在编译的 类 模板 实例化 "WTL::CMDICommandBarCtrlImpl<WTL::CMDICommandBarCtrl,WTL::CCommandBarCtrlBase,ATL::CControlWinTraits>" 的引用
f:\delta-2d\delta-2d_windows_demo\sdk\app\frame_grabber\ref\wtl\atlctrlw.h(3970): warning C4838: 从“int”转换到“UINT”需要收缩转换
  f:\delta-2d\delta-2d_windows_demo\sdk\app\frame_grabber\ref\wtl\atlctrlw.h(3964): note: 编译 类 模板 成员函数 "void WTL::CMDICommandBarCtrlImpl<WTL::CMDICommandBarCtrl,WTL::CCommandBarCtrlBase,ATL::CControlWinTraits>::GetSystemSettings(void)" 时
  f:\delta-2d\delta-2d_windows_demo\sdk\app\frame_grabber\ref\wtl\atlctrlw.h(1432): note: 参见对正在编译的函数 模板 实例化“void WTL::CMDICommandBarCtrlImpl<WTL::CMDICommandBarCtrl,WTL::CCommandBarCtrlBase,ATL::CControlWinTraits>::GetSystemSettings(void)”的引用
f:\delta-2d\delta-2d_windows_demo\sdk\app\frame_grabber\ref\wtl\atlctrlw.h(3910): warning C4838: 从“int”转换到“UINT”需要收缩转换
  f:\delta-2d\delta-2d_windows_demo\sdk\app\frame_grabber\ref\wtl\atlctrlw.h(3860): note: 编译 类 模板 成员函数 "void WTL::CMDICommandBarCtrlImpl<WTL::CMDICommandBarCtrl,WTL::CCommandBarCtrlBase,ATL::CControlWinTraits>::_ProcessAllHookMessages(UINT,WPARAM,LPARAM)" 时
  f:\delta-2d\delta-2d_windows_demo\sdk\app\frame_grabber\ref\wtl\atlctrlw.h(3824): note: 参见对正在编译的函数 模板 实例化“void WTL::CMDICommandBarCtrlImpl<WTL::CMDICommandBarCtrl,WTL::CCommandBarCtrlBase,ATL::CControlWinTraits>::_ProcessAllHookMessages(UINT,WPARAM,LPARAM)”的引用
f:\delta-2d\delta-2d_windows_demo\sdk\app\frame_grabber\ref\wtl\atlctrlw.h(3839): warning C4838: 从“int”转换到“UINT”需要收缩转换
  f:\delta-2d\delta-2d_windows_demo\sdk\app\frame_grabber\ref\wtl\atlctrlw.h(3833): note: 编译 类 模板 成员函数 "void WTL::CMDICommandBarCtrlImpl<WTL::CMDICommandBarCtrl,WTL::CCommandBarCtrlBase,ATL::CControlWinTraits>::UpdateRebarBandIdealSize(void)" 时
  f:\delta-2d\delta-2d_windows_demo\sdk\app\frame_grabber\ref\wtl\atlctrlw.h(3814): note: 参见对正在编译的函数 模板 实例化“void WTL::CMDICommandBarCtrlImpl<WTL::CMDICommandBarCtrl,WTL::CCommandBarCtrlBase,ATL::CControlWinTraits>::UpdateRebarBandIdealSize(void)”的引用
f:\delta-2d\delta-2d_windows_demo\sdk\app\frame_grabber\ref\wtl\atlctrlw.h(2935): warning C4838: 从“int”转换到“UINT”需要收缩转换
  f:\delta-2d\delta-2d_windows_demo\sdk\app\frame_grabber\ref\wtl\atlctrlw.h(2933): note: 编译 类 模板 成员函数 "void WTL::CCommandBarCtrlImpl<WTL::CCommandBarCtrl,WTL::CCommandBarCtrlBase,ATL::CControlWinTraits>::GetSystemSettings(void)" 时
  f:\delta-2d\delta-2d_windows_demo\sdk\app\frame_grabber\ref\wtl\atlctrlw.h(1432): note: 参见对正在编译的函数 模板 实例化“void WTL::CCommandBarCtrlImpl<WTL::CCommandBarCtrl,WTL::CCommandBarCtrlBase,ATL::CControlWinTraits>::GetSystemSettings(void)”的引用
  f:\delta-2d\delta-2d_windows_demo\sdk\app\frame_grabber\ref\wtl\atlctrlw.h(3258): note: 参见对正在编译的 类 模板 实例化 "WTL::CCommandBarCtrlImpl<WTL::CCommandBarCtrl,WTL::CCommandBarCtrlBase,ATL::CControlWinTraits>" 的引用
  scanView.cpp
f:\delta-2d\delta-2d_windows_demo\sdk\app\frame_grabber\ref\wtl\atluser.h(1319): warning C4302: “类型强制转换”: 从“LPCTSTR”到“WORD”截断
f:\delta-2d\delta-2d_windows_demo\sdk\app\frame_grabber\ref\wtl\atluser.h(1329): warning C4302: “类型强制转换”: 从“LPCTSTR”到“WORD”截断
f:\delta-2d\delta-2d_windows_demo\sdk\app\frame_grabber\ref\wtl\atlgdi.h(469): warning C4838: 从“int”转换到“UINT”需要收缩转换
f:\delta-2d\delta-2d_windows_demo\sdk\app\frame_grabber\ref\wtl\atlgdi.h(476): warning C4838: 从“int”转换到“UINT”需要收缩转换
f:\delta-2d\delta-2d_windows_demo\sdk\app\frame_grabber\ref\wtl\atlgdi.h(483): warning C4838: 从“int”转换到“UINT”需要收缩转换
f:\delta-2d\delta-2d_windows_demo\sdk\app\frame_grabber\ref\wtl\atlgdi.h(490): warning C4838: 从“int”转换到“UINT”需要收缩转换
f:\delta-2d\delta-2d_windows_demo\sdk\app\frame_grabber\ref\wtl\atlgdi.h(3682): warning C4838: 从“LONG”转换到“DWORD”需要收缩转换
f:\delta-2d\delta-2d_windows_demo\sdk\app\frame_grabber\ref\wtl\atldlgs.h(3208): warning C4302: “类型强制转换”: 从“LPCTSTR”到“WORD”截断
f:\delta-2d\delta-2d_windows_demo\sdk\app\frame_grabber\ref\wtl\atldlgs.h(3230): warning C4302: “类型强制转换”: 从“LPCTSTR”到“WORD”截断
f:\delta-2d\delta-2d_windows_demo\sdk\app\frame_grabber\ref\wtl\atldlgs.h(3291): warning C4302: “类型强制转换”: 从“LPCTSTR”到“WORD”截断
f:\delta-2d\delta-2d_windows_demo\sdk\app\frame_grabber\ref\wtl\atldlgs.h(3306): warning C4302: “类型强制转换”: 从“LPCTSTR”到“WORD”截断
f:\delta-2d\delta-2d_windows_demo\sdk\sdk\include\rslidar_protocol.h(163): warning C4200: 使用了非标准扩展: 结构/联合中的零大小数组
  f:\delta-2d\delta-2d_windows_demo\sdk\sdk\include\rslidar_protocol.h(163): note: 默认构造函数或 copy/move 赋值运算符将忽略此成员
f:\delta-2d\delta-2d_windows_demo\sdk\app\frame_grabber\ref\wtl\atlctrlx.h(3270): warning C4838: 从“int”转换到“UINT_PTR”需要收缩转换
  f:\delta-2d\delta-2d_windows_demo\sdk\app\frame_grabber\ref\wtl\atlctrlx.h(3267): note: 编译 类 模板 成员函数 "void WTL::CSortListViewImpl<T>::NotifyParentSortChanged(int,int)" 时
          with
          [
              T=WTL::CSortListViewCtrl
          ]
  f:\delta-2d\delta-2d_windows_demo\sdk\app\frame_grabber\ref\wtl\atlctrlx.h(3664): note: 参见对正在编译的函数 模板 实例化“void WTL::CSortListViewImpl<T>::NotifyParentSortChanged(int,int)”的引用
          with
          [
              T=WTL::CSortListViewCtrl
          ]
  f:\delta-2d\delta-2d_windows_demo\sdk\app\frame_grabber\ref\wtl\atlctrlx.h(3701): note: 参见对正在编译的 类 模板 实例化 "WTL::CSortListViewImpl<T>" 的引用
          with
          [
              T=WTL::CSortListViewCtrl
          ]
  f:\delta-2d\delta-2d_windows_demo\sdk\app\frame_grabber\ref\wtl\atlctrlx.h(3720): note: 参见对正在编译的 类 模板 实例化 "WTL::CSortListViewCtrlImpl<WTL::CSortListViewCtrl,WTL::CListViewCtrl,WTL::CSortListViewCtrlTraits>" 的引用
f:\delta-2d\delta-2d_windows_demo\sdk\app\frame_grabber\ref\wtl\atlctrlx.h(1081): warning C4838: 从“int”转换到“UINT_PTR”需要收缩转换
  f:\delta-2d\delta-2d_windows_demo\sdk\app\frame_grabber\ref\wtl\atlctrlx.h(1076): note: 编译 类 模板 成员函数 "bool WTL::CHyperLinkImpl<WTL::CHyperLink,ATL::CWindow,ATL::CControlWinTraits>::Navigate(void)" 时
  f:\delta-2d\delta-2d_windows_demo\sdk\app\frame_grabber\ref\wtl\atlctrlx.h(1323): note: 参见对正在编译的函数 模板 实例化“bool WTL::CHyperLinkImpl<WTL::CHyperLink,ATL::CWindow,ATL::CControlWinTraits>::Navigate(void)”的引用
  f:\delta-2d\delta-2d_windows_demo\sdk\app\frame_grabber\ref\wtl\atlctrlx.h(1820): note: 参见对正在编译的 类 模板 实例化 "WTL::CHyperLinkImpl<WTL::CHyperLink,ATL::CWindow,ATL::CControlWinTraits>" 的引用
f:\delta-2d\delta-2d_windows_demo\sdk\app\frame_grabber\ref\wtl\atlctrlw.h(2915): warning C4838: 从“int”转换到“UINT”需要收缩转换
  f:\delta-2d\delta-2d_windows_demo\sdk\app\frame_grabber\ref\wtl\atlctrlw.h(2908): note: 编译 类 模板 成员函数 "bool WTL::CCommandBarCtrlImpl<T,TBase,TWinTraits>::DisplayChevronMenu(void)" 时
          with
          [
              T=WTL::CMDICommandBarCtrl,
              TBase=WTL::CCommandBarCtrlBase,
              TWinTraits=ATL::CControlWinTraits
          ]
  f:\delta-2d\delta-2d_windows_demo\sdk\app\frame_grabber\ref\wtl\atlctrlw.h(2068): note: 参见对正在编译的函数 模板 实例化“bool WTL::CCommandBarCtrlImpl<T,TBase,TWinTraits>::DisplayChevronMenu(void)”的引用
          with
          [
              T=WTL::CMDICommandBarCtrl,
              TBase=WTL::CCommandBarCtrlBase,
              TWinTraits=ATL::CControlWinTraits
          ]
  f:\delta-2d\delta-2d_windows_demo\sdk\app\frame_grabber\ref\wtl\atlctrlw.h(3269): note: 参见对正在编译的 类 模板 实例化 "WTL::CCommandBarCtrlImpl<T,TBase,TWinTraits>" 的引用
          with
          [
              T=WTL::CMDICommandBarCtrl,
              TBase=WTL::CCommandBarCtrlBase,
              TWinTraits=ATL::CControlWinTraits
          ]
  f:\delta-2d\delta-2d_windows_demo\sdk\app\frame_grabber\ref\wtl\atlctrlw.h(4150): note: 参见对正在编译的 类 模板 实例化 "WTL::CMDICommandBarCtrlImpl<WTL::CMDICommandBarCtrl,WTL::CCommandBarCtrlBase,ATL::CControlWinTraits>" 的引用
f:\delta-2d\delta-2d_windows_demo\sdk\app\frame_grabber\ref\wtl\atlctrlw.h(3970): warning C4838: 从“int”转换到“UINT”需要收缩转换
  f:\delta-2d\delta-2d_windows_demo\sdk\app\frame_grabber\ref\wtl\atlctrlw.h(3964): note: 编译 类 模板 成员函数 "void WTL::CMDICommandBarCtrlImpl<WTL::CMDICommandBarCtrl,WTL::CCommandBarCtrlBase,ATL::CControlWinTraits>::GetSystemSettings(void)" 时
  f:\delta-2d\delta-2d_windows_demo\sdk\app\frame_grabber\ref\wtl\atlctrlw.h(1432): note: 参见对正在编译的函数 模板 实例化“void WTL::CMDICommandBarCtrlImpl<WTL::CMDICommandBarCtrl,WTL::CCommandBarCtrlBase,ATL::CControlWinTraits>::GetSystemSettings(void)”的引用
f:\delta-2d\delta-2d_windows_demo\sdk\app\frame_grabber\ref\wtl\atlctrlw.h(3910): warning C4838: 从“int”转换到“UINT”需要收缩转换
  f:\delta-2d\delta-2d_windows_demo\sdk\app\frame_grabber\ref\wtl\atlctrlw.h(3860): note: 编译 类 模板 成员函数 "void WTL::CMDICommandBarCtrlImpl<WTL::CMDICommandBarCtrl,WTL::CCommandBarCtrlBase,ATL::CControlWinTraits>::_ProcessAllHookMessages(UINT,WPARAM,LPARAM)" 时
  f:\delta-2d\delta-2d_windows_demo\sdk\app\frame_grabber\ref\wtl\atlctrlw.h(3824): note: 参见对正在编译的函数 模板 实例化“void WTL::CMDICommandBarCtrlImpl<WTL::CMDICommandBarCtrl,WTL::CCommandBarCtrlBase,ATL::CControlWinTraits>::_ProcessAllHookMessages(UINT,WPARAM,LPARAM)”的引用
f:\delta-2d\delta-2d_windows_demo\sdk\app\frame_grabber\ref\wtl\atlctrlw.h(3839): warning C4838: 从“int”转换到“UINT”需要收缩转换
  f:\delta-2d\delta-2d_windows_demo\sdk\app\frame_grabber\ref\wtl\atlctrlw.h(3833): note: 编译 类 模板 成员函数 "void WTL::CMDICommandBarCtrlImpl<WTL::CMDICommandBarCtrl,WTL::CCommandBarCtrlBase,ATL::CControlWinTraits>::UpdateRebarBandIdealSize(void)" 时
  f:\delta-2d\delta-2d_windows_demo\sdk\app\frame_grabber\ref\wtl\atlctrlw.h(3814): note: 参见对正在编译的函数 模板 实例化“void WTL::CMDICommandBarCtrlImpl<WTL::CMDICommandBarCtrl,WTL::CCommandBarCtrlBase,ATL::CControlWinTraits>::UpdateRebarBandIdealSize(void)”的引用
f:\delta-2d\delta-2d_windows_demo\sdk\app\frame_grabber\ref\wtl\atlctrlw.h(2935): warning C4838: 从“int”转换到“UINT”需要收缩转换
  f:\delta-2d\delta-2d_windows_demo\sdk\app\frame_grabber\ref\wtl\atlctrlw.h(2933): note: 编译 类 模板 成员函数 "void WTL::CCommandBarCtrlImpl<WTL::CCommandBarCtrl,WTL::CCommandBarCtrlBase,ATL::CControlWinTraits>::GetSystemSettings(void)" 时
  f:\delta-2d\delta-2d_windows_demo\sdk\app\frame_grabber\ref\wtl\atlctrlw.h(1432): note: 参见对正在编译的函数 模板 实例化“void WTL::CCommandBarCtrlImpl<WTL::CCommandBarCtrl,WTL::CCommandBarCtrlBase,ATL::CControlWinTraits>::GetSystemSettings(void)”的引用
  f:\delta-2d\delta-2d_windows_demo\sdk\app\frame_grabber\ref\wtl\atlctrlw.h(3258): note: 参见对正在编译的 类 模板 实例化 "WTL::CCommandBarCtrlImpl<WTL::CCommandBarCtrl,WTL::CCommandBarCtrlBase,ATL::CControlWinTraits>" 的引用
  framegrabber.cpp
f:\delta-2d\delta-2d_windows_demo\sdk\app\frame_grabber\ref\wtl\atluser.h(1319): warning C4302: “类型强制转换”: 从“LPCTSTR”到“WORD”截断
f:\delta-2d\delta-2d_windows_demo\sdk\app\frame_grabber\ref\wtl\atluser.h(1329): warning C4302: “类型强制转换”: 从“LPCTSTR”到“WORD”截断
f:\delta-2d\delta-2d_windows_demo\sdk\app\frame_grabber\ref\wtl\atlgdi.h(469): warning C4838: 从“int”转换到“UINT”需要收缩转换
f:\delta-2d\delta-2d_windows_demo\sdk\app\frame_grabber\ref\wtl\atlgdi.h(476): warning C4838: 从“int”转换到“UINT”需要收缩转换
f:\delta-2d\delta-2d_windows_demo\sdk\app\frame_grabber\ref\wtl\atlgdi.h(483): warning C4838: 从“int”转换到“UINT”需要收缩转换
f:\delta-2d\delta-2d_windows_demo\sdk\app\frame_grabber\ref\wtl\atlgdi.h(490): warning C4838: 从“int”转换到“UINT”需要收缩转换
f:\delta-2d\delta-2d_windows_demo\sdk\app\frame_grabber\ref\wtl\atlgdi.h(3682): warning C4838: 从“LONG”转换到“DWORD”需要收缩转换
f:\delta-2d\delta-2d_windows_demo\sdk\app\frame_grabber\ref\wtl\atldlgs.h(3208): warning C4302: “类型强制转换”: 从“LPCTSTR”到“WORD”截断
f:\delta-2d\delta-2d_windows_demo\sdk\app\frame_grabber\ref\wtl\atldlgs.h(3230): warning C4302: “类型强制转换”: 从“LPCTSTR”到“WORD”截断
f:\delta-2d\delta-2d_windows_demo\sdk\app\frame_grabber\ref\wtl\atldlgs.h(3291): warning C4302: “类型强制转换”: 从“LPCTSTR”到“WORD”截断
f:\delta-2d\delta-2d_windows_demo\sdk\app\frame_grabber\ref\wtl\atldlgs.h(3306): warning C4302: “类型强制转换”: 从“LPCTSTR”到“WORD”截断
f:\delta-2d\delta-2d_windows_demo\sdk\sdk\include\rslidar_protocol.h(163): warning C4200: 使用了非标准扩展: 结构/联合中的零大小数组
  f:\delta-2d\delta-2d_windows_demo\sdk\sdk\include\rslidar_protocol.h(163): note: 默认构造函数或 copy/move 赋值运算符将忽略此成员
f:\delta-2d\delta-2d_windows_demo\sdk\app\frame_grabber\framegrabber.cpp(37): warning C4477: “sprintf”: 格式字符串“%s”需要类型“char *”的参数，但可变参数 1 拥有了类型“WTL::CString”
f:\delta-2d\delta-2d_windows_demo\sdk\app\frame_grabber\ref\wtl\atlctrlx.h(3270): warning C4838: 从“int”转换到“UINT_PTR”需要收缩转换
  f:\delta-2d\delta-2d_windows_demo\sdk\app\frame_grabber\ref\wtl\atlctrlx.h(3267): note: 编译 类 模板 成员函数 "void WTL::CSortListViewImpl<T>::NotifyParentSortChanged(int,int)" 时
          with
          [
              T=WTL::CSortListViewCtrl
          ]
  f:\delta-2d\delta-2d_windows_demo\sdk\app\frame_grabber\ref\wtl\atlctrlx.h(3664): note: 参见对正在编译的函数 模板 实例化“void WTL::CSortListViewImpl<T>::NotifyParentSortChanged(int,int)”的引用
          with
          [
              T=WTL::CSortListViewCtrl
          ]
  f:\delta-2d\delta-2d_windows_demo\sdk\app\frame_grabber\ref\wtl\atlctrlx.h(3701): note: 参见对正在编译的 类 模板 实例化 "WTL::CSortListViewImpl<T>" 的引用
          with
          [
              T=WTL::CSortListViewCtrl
          ]
  f:\delta-2d\delta-2d_windows_demo\sdk\app\frame_grabber\ref\wtl\atlctrlx.h(3720): note: 参见对正在编译的 类 模板 实例化 "WTL::CSortListViewCtrlImpl<WTL::CSortListViewCtrl,WTL::CListViewCtrl,WTL::CSortListViewCtrlTraits>" 的引用
f:\delta-2d\delta-2d_windows_demo\sdk\app\frame_grabber\ref\wtl\atlctrlx.h(1081): warning C4838: 从“int”转换到“UINT_PTR”需要收缩转换
  f:\delta-2d\delta-2d_windows_demo\sdk\app\frame_grabber\ref\wtl\atlctrlx.h(1076): note: 编译 类 模板 成员函数 "bool WTL::CHyperLinkImpl<WTL::CHyperLink,ATL::CWindow,ATL::CControlWinTraits>::Navigate(void)" 时
  f:\delta-2d\delta-2d_windows_demo\sdk\app\frame_grabber\ref\wtl\atlctrlx.h(1323): note: 参见对正在编译的函数 模板 实例化“bool WTL::CHyperLinkImpl<WTL::CHyperLink,ATL::CWindow,ATL::CControlWinTraits>::Navigate(void)”的引用
  f:\delta-2d\delta-2d_windows_demo\sdk\app\frame_grabber\ref\wtl\atlctrlx.h(1820): note: 参见对正在编译的 类 模板 实例化 "WTL::CHyperLinkImpl<WTL::CHyperLink,ATL::CWindow,ATL::CControlWinTraits>" 的引用
f:\delta-2d\delta-2d_windows_demo\sdk\app\frame_grabber\ref\wtl\atlctrlw.h(2915): warning C4838: 从“int”转换到“UINT”需要收缩转换
  f:\delta-2d\delta-2d_windows_demo\sdk\app\frame_grabber\ref\wtl\atlctrlw.h(2908): note: 编译 类 模板 成员函数 "bool WTL::CCommandBarCtrlImpl<T,TBase,TWinTraits>::DisplayChevronMenu(void)" 时
          with
          [
              T=WTL::CMDICommandBarCtrl,
              TBase=WTL::CCommandBarCtrlBase,
              TWinTraits=ATL::CControlWinTraits
          ]
  f:\delta-2d\delta-2d_windows_demo\sdk\app\frame_grabber\ref\wtl\atlctrlw.h(2068): note: 参见对正在编译的函数 模板 实例化“bool WTL::CCommandBarCtrlImpl<T,TBase,TWinTraits>::DisplayChevronMenu(void)”的引用
          with
          [
              T=WTL::CMDICommandBarCtrl,
              TBase=WTL::CCommandBarCtrlBase,
              TWinTraits=ATL::CControlWinTraits
          ]
  f:\delta-2d\delta-2d_windows_demo\sdk\app\frame_grabber\ref\wtl\atlctrlw.h(3269): note: 参见对正在编译的 类 模板 实例化 "WTL::CCommandBarCtrlImpl<T,TBase,TWinTraits>" 的引用
          with
          [
              T=WTL::CMDICommandBarCtrl,
              TBase=WTL::CCommandBarCtrlBase,
              TWinTraits=ATL::CControlWinTraits
          ]
  f:\delta-2d\delta-2d_windows_demo\sdk\app\frame_grabber\ref\wtl\atlctrlw.h(4150): note: 参见对正在编译的 类 模板 实例化 "WTL::CMDICommandBarCtrlImpl<WTL::CMDICommandBarCtrl,WTL::CCommandBarCtrlBase,ATL::CControlWinTraits>" 的引用
f:\delta-2d\delta-2d_windows_demo\sdk\app\frame_grabber\ref\wtl\atlctrlw.h(3970): warning C4838: 从“int”转换到“UINT”需要收缩转换
  f:\delta-2d\delta-2d_windows_demo\sdk\app\frame_grabber\ref\wtl\atlctrlw.h(3964): note: 编译 类 模板 成员函数 "void WTL::CMDICommandBarCtrlImpl<WTL::CMDICommandBarCtrl,WTL::CCommandBarCtrlBase,ATL::CControlWinTraits>::GetSystemSettings(void)" 时
  f:\delta-2d\delta-2d_windows_demo\sdk\app\frame_grabber\ref\wtl\atlctrlw.h(1432): note: 参见对正在编译的函数 模板 实例化“void WTL::CMDICommandBarCtrlImpl<WTL::CMDICommandBarCtrl,WTL::CCommandBarCtrlBase,ATL::CControlWinTraits>::GetSystemSettings(void)”的引用
f:\delta-2d\delta-2d_windows_demo\sdk\app\frame_grabber\ref\wtl\atlctrlw.h(3910): warning C4838: 从“int”转换到“UINT”需要收缩转换
  f:\delta-2d\delta-2d_windows_demo\sdk\app\frame_grabber\ref\wtl\atlctrlw.h(3860): note: 编译 类 模板 成员函数 "void WTL::CMDICommandBarCtrlImpl<WTL::CMDICommandBarCtrl,WTL::CCommandBarCtrlBase,ATL::CControlWinTraits>::_ProcessAllHookMessages(UINT,WPARAM,LPARAM)" 时
  f:\delta-2d\delta-2d_windows_demo\sdk\app\frame_grabber\ref\wtl\atlctrlw.h(3824): note: 参见对正在编译的函数 模板 实例化“void WTL::CMDICommandBarCtrlImpl<WTL::CMDICommandBarCtrl,WTL::CCommandBarCtrlBase,ATL::CControlWinTraits>::_ProcessAllHookMessages(UINT,WPARAM,LPARAM)”的引用
f:\delta-2d\delta-2d_windows_demo\sdk\app\frame_grabber\ref\wtl\atlctrlw.h(3839): warning C4838: 从“int”转换到“UINT”需要收缩转换
  f:\delta-2d\delta-2d_windows_demo\sdk\app\frame_grabber\ref\wtl\atlctrlw.h(3833): note: 编译 类 模板 成员函数 "void WTL::CMDICommandBarCtrlImpl<WTL::CMDICommandBarCtrl,WTL::CCommandBarCtrlBase,ATL::CControlWinTraits>::UpdateRebarBandIdealSize(void)" 时
  f:\delta-2d\delta-2d_windows_demo\sdk\app\frame_grabber\ref\wtl\atlctrlw.h(3814): note: 参见对正在编译的函数 模板 实例化“void WTL::CMDICommandBarCtrlImpl<WTL::CMDICommandBarCtrl,WTL::CCommandBarCtrlBase,ATL::CControlWinTraits>::UpdateRebarBandIdealSize(void)”的引用
f:\delta-2d\delta-2d_windows_demo\sdk\app\frame_grabber\ref\wtl\atlctrlw.h(2935): warning C4838: 从“int”转换到“UINT”需要收缩转换
  f:\delta-2d\delta-2d_windows_demo\sdk\app\frame_grabber\ref\wtl\atlctrlw.h(2933): note: 编译 类 模板 成员函数 "void WTL::CCommandBarCtrlImpl<WTL::CCommandBarCtrl,WTL::CCommandBarCtrlBase,ATL::CControlWinTraits>::GetSystemSettings(void)" 时
  f:\delta-2d\delta-2d_windows_demo\sdk\app\frame_grabber\ref\wtl\atlctrlw.h(1432): note: 参见对正在编译的函数 模板 实例化“void WTL::CCommandBarCtrlImpl<WTL::CCommandBarCtrl,WTL::CCommandBarCtrlBase,ATL::CControlWinTraits>::GetSystemSettings(void)”的引用
  f:\delta-2d\delta-2d_windows_demo\sdk\app\frame_grabber\ref\wtl\atlctrlw.h(3258): note: 参见对正在编译的 类 模板 实例化 "WTL::CCommandBarCtrlImpl<WTL::CCommandBarCtrl,WTL::CCommandBarCtrlBase,ATL::CControlWinTraits>" 的引用
f:\delta-2d\delta-2d_windows_demo\sdk\app\frame_grabber\ref\wtl\atlframe.h(991): warning C4838: 从“int”转换到“UINT”需要收缩转换
  f:\delta-2d\delta-2d_windows_demo\sdk\app\frame_grabber\ref\wtl\atlframe.h(989): note: 编译 类 模板 成员函数 "bool WTL::CFrameWindowImplBase<ATL::CWindow,ATL::CFrameWinTraits>::PrepareChevronMenu(WTL::CFrameWindowImplBase<ATL::CWindow,ATL::CFrameWinTraits>::_ChevronMenuInfo &)" 时
  f:\delta-2d\delta-2d_windows_demo\sdk\app\frame_grabber\ref\wtl\atlframe.h(1255): note: 参见对正在编译的函数 模板 实例化“bool WTL::CFrameWindowImplBase<ATL::CWindow,ATL::CFrameWinTraits>::PrepareChevronMenu(WTL::CFrameWindowImplBase<ATL::CWindow,ATL::CFrameWinTraits>::_ChevronMenuInfo &)”的引用
  f:\delta-2d\delta-2d_windows_demo\sdk\app\frame_grabber\ref\wtl\atlframe.h(1279): note: 参见对正在编译的 类 模板 实例化 "WTL::CFrameWindowImplBase<ATL::CWindow,ATL::CFrameWinTraits>" 的引用
  lidarmgr.cpp
f:\delta-2d\delta-2d_windows_demo\sdk\app\frame_grabber\ref\wtl\atluser.h(1319): warning C4302: “类型强制转换”: 从“LPCTSTR”到“WORD”截断
f:\delta-2d\delta-2d_windows_demo\sdk\app\frame_grabber\ref\wtl\atluser.h(1329): warning C4302: “类型强制转换”: 从“LPCTSTR”到“WORD”截断
f:\delta-2d\delta-2d_windows_demo\sdk\app\frame_grabber\ref\wtl\atlgdi.h(469): warning C4838: 从“int”转换到“UINT”需要收缩转换
f:\delta-2d\delta-2d_windows_demo\sdk\app\frame_grabber\ref\wtl\atlgdi.h(476): warning C4838: 从“int”转换到“UINT”需要收缩转换
f:\delta-2d\delta-2d_windows_demo\sdk\app\frame_grabber\ref\wtl\atlgdi.h(483): warning C4838: 从“int”转换到“UINT”需要收缩转换
f:\delta-2d\delta-2d_windows_demo\sdk\app\frame_grabber\ref\wtl\atlgdi.h(490): warning C4838: 从“int”转换到“UINT”需要收缩转换
f:\delta-2d\delta-2d_windows_demo\sdk\app\frame_grabber\ref\wtl\atlgdi.h(3682): warning C4838: 从“LONG”转换到“DWORD”需要收缩转换
f:\delta-2d\delta-2d_windows_demo\sdk\app\frame_grabber\ref\wtl\atldlgs.h(3208): warning C4302: “类型强制转换”: 从“LPCTSTR”到“WORD”截断
f:\delta-2d\delta-2d_windows_demo\sdk\app\frame_grabber\ref\wtl\atldlgs.h(3230): warning C4302: “类型强制转换”: 从“LPCTSTR”到“WORD”截断
f:\delta-2d\delta-2d_windows_demo\sdk\app\frame_grabber\ref\wtl\atldlgs.h(3291): warning C4302: “类型强制转换”: 从“LPCTSTR”到“WORD”截断
f:\delta-2d\delta-2d_windows_demo\sdk\app\frame_grabber\ref\wtl\atldlgs.h(3306): warning C4302: “类型强制转换”: 从“LPCTSTR”到“WORD”截断
f:\delta-2d\delta-2d_windows_demo\sdk\sdk\include\rslidar_protocol.h(163): warning C4200: 使用了非标准扩展: 结构/联合中的零大小数组
  f:\delta-2d\delta-2d_windows_demo\sdk\sdk\include\rslidar_protocol.h(163): note: 默认构造函数或 copy/move 赋值运算符将忽略此成员
f:\delta-2d\delta-2d_windows_demo\sdk\app\frame_grabber\ref\wtl\atlctrlx.h(3270): warning C4838: 从“int”转换到“UINT_PTR”需要收缩转换
  f:\delta-2d\delta-2d_windows_demo\sdk\app\frame_grabber\ref\wtl\atlctrlx.h(3267): note: 编译 类 模板 成员函数 "void WTL::CSortListViewImpl<T>::NotifyParentSortChanged(int,int)" 时
          with
          [
              T=WTL::CSortListViewCtrl
          ]
  f:\delta-2d\delta-2d_windows_demo\sdk\app\frame_grabber\ref\wtl\atlctrlx.h(3664): note: 参见对正在编译的函数 模板 实例化“void WTL::CSortListViewImpl<T>::NotifyParentSortChanged(int,int)”的引用
          with
          [
              T=WTL::CSortListViewCtrl
          ]
  f:\delta-2d\delta-2d_windows_demo\sdk\app\frame_grabber\ref\wtl\atlctrlx.h(3701): note: 参见对正在编译的 类 模板 实例化 "WTL::CSortListViewImpl<T>" 的引用
          with
          [
              T=WTL::CSortListViewCtrl
          ]
  f:\delta-2d\delta-2d_windows_demo\sdk\app\frame_grabber\ref\wtl\atlctrlx.h(3720): note: 参见对正在编译的 类 模板 实例化 "WTL::CSortListViewCtrlImpl<WTL::CSortListViewCtrl,WTL::CListViewCtrl,WTL::CSortListViewCtrlTraits>" 的引用
f:\delta-2d\delta-2d_windows_demo\sdk\app\frame_grabber\ref\wtl\atlctrlx.h(1081): warning C4838: 从“int”转换到“UINT_PTR”需要收缩转换
  f:\delta-2d\delta-2d_windows_demo\sdk\app\frame_grabber\ref\wtl\atlctrlx.h(1076): note: 编译 类 模板 成员函数 "bool WTL::CHyperLinkImpl<WTL::CHyperLink,ATL::CWindow,ATL::CControlWinTraits>::Navigate(void)" 时
  f:\delta-2d\delta-2d_windows_demo\sdk\app\frame_grabber\ref\wtl\atlctrlx.h(1323): note: 参见对正在编译的函数 模板 实例化“bool WTL::CHyperLinkImpl<WTL::CHyperLink,ATL::CWindow,ATL::CControlWinTraits>::Navigate(void)”的引用
  f:\delta-2d\delta-2d_windows_demo\sdk\app\frame_grabber\ref\wtl\atlctrlx.h(1820): note: 参见对正在编译的 类 模板 实例化 "WTL::CHyperLinkImpl<WTL::CHyperLink,ATL::CWindow,ATL::CControlWinTraits>" 的引用
f:\delta-2d\delta-2d_windows_demo\sdk\app\frame_grabber\ref\wtl\atlctrlw.h(2915): warning C4838: 从“int”转换到“UINT”需要收缩转换
  f:\delta-2d\delta-2d_windows_demo\sdk\app\frame_grabber\ref\wtl\atlctrlw.h(2908): note: 编译 类 模板 成员函数 "bool WTL::CCommandBarCtrlImpl<T,TBase,TWinTraits>::DisplayChevronMenu(void)" 时
          with
          [
              T=WTL::CMDICommandBarCtrl,
              TBase=WTL::CCommandBarCtrlBase,
              TWinTraits=ATL::CControlWinTraits
          ]
  f:\delta-2d\delta-2d_windows_demo\sdk\app\frame_grabber\ref\wtl\atlctrlw.h(2068): note: 参见对正在编译的函数 模板 实例化“bool WTL::CCommandBarCtrlImpl<T,TBase,TWinTraits>::DisplayChevronMenu(void)”的引用
          with
          [
              T=WTL::CMDICommandBarCtrl,
              TBase=WTL::CCommandBarCtrlBase,
              TWinTraits=ATL::CControlWinTraits
          ]
  f:\delta-2d\delta-2d_windows_demo\sdk\app\frame_grabber\ref\wtl\atlctrlw.h(3269): note: 参见对正在编译的 类 模板 实例化 "WTL::CCommandBarCtrlImpl<T,TBase,TWinTraits>" 的引用
          with
          [
              T=WTL::CMDICommandBarCtrl,
              TBase=WTL::CCommandBarCtrlBase,
              TWinTraits=ATL::CControlWinTraits
          ]
  f:\delta-2d\delta-2d_windows_demo\sdk\app\frame_grabber\ref\wtl\atlctrlw.h(4150): note: 参见对正在编译的 类 模板 实例化 "WTL::CMDICommandBarCtrlImpl<WTL::CMDICommandBarCtrl,WTL::CCommandBarCtrlBase,ATL::CControlWinTraits>" 的引用
f:\delta-2d\delta-2d_windows_demo\sdk\app\frame_grabber\ref\wtl\atlctrlw.h(3970): warning C4838: 从“int”转换到“UINT”需要收缩转换
  f:\delta-2d\delta-2d_windows_demo\sdk\app\frame_grabber\ref\wtl\atlctrlw.h(3964): note: 编译 类 模板 成员函数 "void WTL::CMDICommandBarCtrlImpl<WTL::CMDICommandBarCtrl,WTL::CCommandBarCtrlBase,ATL::CControlWinTraits>::GetSystemSettings(void)" 时
  f:\delta-2d\delta-2d_windows_demo\sdk\app\frame_grabber\ref\wtl\atlctrlw.h(1432): note: 参见对正在编译的函数 模板 实例化“void WTL::CMDICommandBarCtrlImpl<WTL::CMDICommandBarCtrl,WTL::CCommandBarCtrlBase,ATL::CControlWinTraits>::GetSystemSettings(void)”的引用
f:\delta-2d\delta-2d_windows_demo\sdk\app\frame_grabber\ref\wtl\atlctrlw.h(3910): warning C4838: 从“int”转换到“UINT”需要收缩转换
  f:\delta-2d\delta-2d_windows_demo\sdk\app\frame_grabber\ref\wtl\atlctrlw.h(3860): note: 编译 类 模板 成员函数 "void WTL::CMDICommandBarCtrlImpl<WTL::CMDICommandBarCtrl,WTL::CCommandBarCtrlBase,ATL::CControlWinTraits>::_ProcessAllHookMessages(UINT,WPARAM,LPARAM)" 时
  f:\delta-2d\delta-2d_windows_demo\sdk\app\frame_grabber\ref\wtl\atlctrlw.h(3824): note: 参见对正在编译的函数 模板 实例化“void WTL::CMDICommandBarCtrlImpl<WTL::CMDICommandBarCtrl,WTL::CCommandBarCtrlBase,ATL::CControlWinTraits>::_ProcessAllHookMessages(UINT,WPARAM,LPARAM)”的引用
f:\delta-2d\delta-2d_windows_demo\sdk\app\frame_grabber\ref\wtl\atlctrlw.h(3839): warning C4838: 从“int”转换到“UINT”需要收缩转换
  f:\delta-2d\delta-2d_windows_demo\sdk\app\frame_grabber\ref\wtl\atlctrlw.h(3833): note: 编译 类 模板 成员函数 "void WTL::CMDICommandBarCtrlImpl<WTL::CMDICommandBarCtrl,WTL::CCommandBarCtrlBase,ATL::CControlWinTraits>::UpdateRebarBandIdealSize(void)" 时
  f:\delta-2d\delta-2d_windows_demo\sdk\app\frame_grabber\ref\wtl\atlctrlw.h(3814): note: 参见对正在编译的函数 模板 实例化“void WTL::CMDICommandBarCtrlImpl<WTL::CMDICommandBarCtrl,WTL::CCommandBarCtrlBase,ATL::CControlWinTraits>::UpdateRebarBandIdealSize(void)”的引用
f:\delta-2d\delta-2d_windows_demo\sdk\app\frame_grabber\ref\wtl\atlctrlw.h(2935): warning C4838: 从“int”转换到“UINT”需要收缩转换
  f:\delta-2d\delta-2d_windows_demo\sdk\app\frame_grabber\ref\wtl\atlctrlw.h(2933): note: 编译 类 模板 成员函数 "void WTL::CCommandBarCtrlImpl<WTL::CCommandBarCtrl,WTL::CCommandBarCtrlBase,ATL::CControlWinTraits>::GetSystemSettings(void)" 时
  f:\delta-2d\delta-2d_windows_demo\sdk\app\frame_grabber\ref\wtl\atlctrlw.h(1432): note: 参见对正在编译的函数 模板 实例化“void WTL::CCommandBarCtrlImpl<WTL::CCommandBarCtrl,WTL::CCommandBarCtrlBase,ATL::CControlWinTraits>::GetSystemSettings(void)”的引用
  f:\delta-2d\delta-2d_windows_demo\sdk\app\frame_grabber\ref\wtl\atlctrlw.h(3258): note: 参见对正在编译的 类 模板 实例化 "WTL::CCommandBarCtrlImpl<WTL::CCommandBarCtrl,WTL::CCommandBarCtrlBase,ATL::CControlWinTraits>" 的引用
  SerialSelDlg.cpp
f:\delta-2d\delta-2d_windows_demo\sdk\app\frame_grabber\ref\wtl\atluser.h(1319): warning C4302: “类型强制转换”: 从“LPCTSTR”到“WORD”截断
f:\delta-2d\delta-2d_windows_demo\sdk\app\frame_grabber\ref\wtl\atluser.h(1329): warning C4302: “类型强制转换”: 从“LPCTSTR”到“WORD”截断
f:\delta-2d\delta-2d_windows_demo\sdk\app\frame_grabber\ref\wtl\atlgdi.h(469): warning C4838: 从“int”转换到“UINT”需要收缩转换
f:\delta-2d\delta-2d_windows_demo\sdk\app\frame_grabber\ref\wtl\atlgdi.h(476): warning C4838: 从“int”转换到“UINT”需要收缩转换
f:\delta-2d\delta-2d_windows_demo\sdk\app\frame_grabber\ref\wtl\atlgdi.h(483): warning C4838: 从“int”转换到“UINT”需要收缩转换
f:\delta-2d\delta-2d_windows_demo\sdk\app\frame_grabber\ref\wtl\atlgdi.h(490): warning C4838: 从“int”转换到“UINT”需要收缩转换
f:\delta-2d\delta-2d_windows_demo\sdk\app\frame_grabber\ref\wtl\atlgdi.h(3682): warning C4838: 从“LONG”转换到“DWORD”需要收缩转换
f:\delta-2d\delta-2d_windows_demo\sdk\app\frame_grabber\ref\wtl\atldlgs.h(3208): warning C4302: “类型强制转换”: 从“LPCTSTR”到“WORD”截断
f:\delta-2d\delta-2d_windows_demo\sdk\app\frame_grabber\ref\wtl\atldlgs.h(3230): warning C4302: “类型强制转换”: 从“LPCTSTR”到“WORD”截断
f:\delta-2d\delta-2d_windows_demo\sdk\app\frame_grabber\ref\wtl\atldlgs.h(3291): warning C4302: “类型强制转换”: 从“LPCTSTR”到“WORD”截断
f:\delta-2d\delta-2d_windows_demo\sdk\app\frame_grabber\ref\wtl\atldlgs.h(3306): warning C4302: “类型强制转换”: 从“LPCTSTR”到“WORD”截断
f:\delta-2d\delta-2d_windows_demo\sdk\sdk\include\rslidar_protocol.h(163): warning C4200: 使用了非标准扩展: 结构/联合中的零大小数组
  f:\delta-2d\delta-2d_windows_demo\sdk\sdk\include\rslidar_protocol.h(163): note: 默认构造函数或 copy/move 赋值运算符将忽略此成员
f:\delta-2d\delta-2d_windows_demo\sdk\app\frame_grabber\serialseldlg.cpp(62): warning C4477: “sprintf”: 格式字符串“%s”需要类型“char *”的参数，但可变参数 1 拥有了类型“WTL::CString”
f:\delta-2d\delta-2d_windows_demo\sdk\app\frame_grabber\ref\wtl\atlctrlx.h(3270): warning C4838: 从“int”转换到“UINT_PTR”需要收缩转换
  f:\delta-2d\delta-2d_windows_demo\sdk\app\frame_grabber\ref\wtl\atlctrlx.h(3267): note: 编译 类 模板 成员函数 "void WTL::CSortListViewImpl<T>::NotifyParentSortChanged(int,int)" 时
          with
          [
              T=WTL::CSortListViewCtrl
          ]
  f:\delta-2d\delta-2d_windows_demo\sdk\app\frame_grabber\ref\wtl\atlctrlx.h(3664): note: 参见对正在编译的函数 模板 实例化“void WTL::CSortListViewImpl<T>::NotifyParentSortChanged(int,int)”的引用
          with
          [
              T=WTL::CSortListViewCtrl
          ]
  f:\delta-2d\delta-2d_windows_demo\sdk\app\frame_grabber\ref\wtl\atlctrlx.h(3701): note: 参见对正在编译的 类 模板 实例化 "WTL::CSortListViewImpl<T>" 的引用
          with
          [
              T=WTL::CSortListViewCtrl
          ]
  f:\delta-2d\delta-2d_windows_demo\sdk\app\frame_grabber\ref\wtl\atlctrlx.h(3720): note: 参见对正在编译的 类 模板 实例化 "WTL::CSortListViewCtrlImpl<WTL::CSortListViewCtrl,WTL::CListViewCtrl,WTL::CSortListViewCtrlTraits>" 的引用
f:\delta-2d\delta-2d_windows_demo\sdk\app\frame_grabber\ref\wtl\atlctrlx.h(1081): warning C4838: 从“int”转换到“UINT_PTR”需要收缩转换
  f:\delta-2d\delta-2d_windows_demo\sdk\app\frame_grabber\ref\wtl\atlctrlx.h(1076): note: 编译 类 模板 成员函数 "bool WTL::CHyperLinkImpl<WTL::CHyperLink,ATL::CWindow,ATL::CControlWinTraits>::Navigate(void)" 时
  f:\delta-2d\delta-2d_windows_demo\sdk\app\frame_grabber\ref\wtl\atlctrlx.h(1323): note: 参见对正在编译的函数 模板 实例化“bool WTL::CHyperLinkImpl<WTL::CHyperLink,ATL::CWindow,ATL::CControlWinTraits>::Navigate(void)”的引用
  f:\delta-2d\delta-2d_windows_demo\sdk\app\frame_grabber\ref\wtl\atlctrlx.h(1820): note: 参见对正在编译的 类 模板 实例化 "WTL::CHyperLinkImpl<WTL::CHyperLink,ATL::CWindow,ATL::CControlWinTraits>" 的引用
f:\delta-2d\delta-2d_windows_demo\sdk\app\frame_grabber\ref\wtl\atlctrlw.h(2915): warning C4838: 从“int”转换到“UINT”需要收缩转换
  f:\delta-2d\delta-2d_windows_demo\sdk\app\frame_grabber\ref\wtl\atlctrlw.h(2908): note: 编译 类 模板 成员函数 "bool WTL::CCommandBarCtrlImpl<T,TBase,TWinTraits>::DisplayChevronMenu(void)" 时
          with
          [
              T=WTL::CMDICommandBarCtrl,
              TBase=WTL::CCommandBarCtrlBase,
              TWinTraits=ATL::CControlWinTraits
          ]
  f:\delta-2d\delta-2d_windows_demo\sdk\app\frame_grabber\ref\wtl\atlctrlw.h(2068): note: 参见对正在编译的函数 模板 实例化“bool WTL::CCommandBarCtrlImpl<T,TBase,TWinTraits>::DisplayChevronMenu(void)”的引用
          with
          [
              T=WTL::CMDICommandBarCtrl,
              TBase=WTL::CCommandBarCtrlBase,
              TWinTraits=ATL::CControlWinTraits
          ]
  f:\delta-2d\delta-2d_windows_demo\sdk\app\frame_grabber\ref\wtl\atlctrlw.h(3269): note: 参见对正在编译的 类 模板 实例化 "WTL::CCommandBarCtrlImpl<T,TBase,TWinTraits>" 的引用
          with
          [
              T=WTL::CMDICommandBarCtrl,
              TBase=WTL::CCommandBarCtrlBase,
              TWinTraits=ATL::CControlWinTraits
          ]
  f:\delta-2d\delta-2d_windows_demo\sdk\app\frame_grabber\ref\wtl\atlctrlw.h(4150): note: 参见对正在编译的 类 模板 实例化 "WTL::CMDICommandBarCtrlImpl<WTL::CMDICommandBarCtrl,WTL::CCommandBarCtrlBase,ATL::CControlWinTraits>" 的引用
f:\delta-2d\delta-2d_windows_demo\sdk\app\frame_grabber\ref\wtl\atlctrlw.h(3970): warning C4838: 从“int”转换到“UINT”需要收缩转换
  f:\delta-2d\delta-2d_windows_demo\sdk\app\frame_grabber\ref\wtl\atlctrlw.h(3964): note: 编译 类 模板 成员函数 "void WTL::CMDICommandBarCtrlImpl<WTL::CMDICommandBarCtrl,WTL::CCommandBarCtrlBase,ATL::CControlWinTraits>::GetSystemSettings(void)" 时
  f:\delta-2d\delta-2d_windows_demo\sdk\app\frame_grabber\ref\wtl\atlctrlw.h(1432): note: 参见对正在编译的函数 模板 实例化“void WTL::CMDICommandBarCtrlImpl<WTL::CMDICommandBarCtrl,WTL::CCommandBarCtrlBase,ATL::CControlWinTraits>::GetSystemSettings(void)”的引用
f:\delta-2d\delta-2d_windows_demo\sdk\app\frame_grabber\ref\wtl\atlctrlw.h(3910): warning C4838: 从“int”转换到“UINT”需要收缩转换
  f:\delta-2d\delta-2d_windows_demo\sdk\app\frame_grabber\ref\wtl\atlctrlw.h(3860): note: 编译 类 模板 成员函数 "void WTL::CMDICommandBarCtrlImpl<WTL::CMDICommandBarCtrl,WTL::CCommandBarCtrlBase,ATL::CControlWinTraits>::_ProcessAllHookMessages(UINT,WPARAM,LPARAM)" 时
  f:\delta-2d\delta-2d_windows_demo\sdk\app\frame_grabber\ref\wtl\atlctrlw.h(3824): note: 参见对正在编译的函数 模板 实例化“void WTL::CMDICommandBarCtrlImpl<WTL::CMDICommandBarCtrl,WTL::CCommandBarCtrlBase,ATL::CControlWinTraits>::_ProcessAllHookMessages(UINT,WPARAM,LPARAM)”的引用
f:\delta-2d\delta-2d_windows_demo\sdk\app\frame_grabber\ref\wtl\atlctrlw.h(3839): warning C4838: 从“int”转换到“UINT”需要收缩转换
  f:\delta-2d\delta-2d_windows_demo\sdk\app\frame_grabber\ref\wtl\atlctrlw.h(3833): note: 编译 类 模板 成员函数 "void WTL::CMDICommandBarCtrlImpl<WTL::CMDICommandBarCtrl,WTL::CCommandBarCtrlBase,ATL::CControlWinTraits>::UpdateRebarBandIdealSize(void)" 时
  f:\delta-2d\delta-2d_windows_demo\sdk\app\frame_grabber\ref\wtl\atlctrlw.h(3814): note: 参见对正在编译的函数 模板 实例化“void WTL::CMDICommandBarCtrlImpl<WTL::CMDICommandBarCtrl,WTL::CCommandBarCtrlBase,ATL::CControlWinTraits>::UpdateRebarBandIdealSize(void)”的引用
f:\delta-2d\delta-2d_windows_demo\sdk\app\frame_grabber\ref\wtl\atlctrlw.h(2935): warning C4838: 从“int”转换到“UINT”需要收缩转换
  f:\delta-2d\delta-2d_windows_demo\sdk\app\frame_grabber\ref\wtl\atlctrlw.h(2933): note: 编译 类 模板 成员函数 "void WTL::CCommandBarCtrlImpl<WTL::CCommandBarCtrl,WTL::CCommandBarCtrlBase,ATL::CControlWinTraits>::GetSystemSettings(void)" 时
  f:\delta-2d\delta-2d_windows_demo\sdk\app\frame_grabber\ref\wtl\atlctrlw.h(1432): note: 参见对正在编译的函数 模板 实例化“void WTL::CCommandBarCtrlImpl<WTL::CCommandBarCtrl,WTL::CCommandBarCtrlBase,ATL::CControlWinTraits>::GetSystemSettings(void)”的引用
  f:\delta-2d\delta-2d_windows_demo\sdk\app\frame_grabber\ref\wtl\atlctrlw.h(3258): note: 参见对正在编译的 类 模板 实例化 "WTL::CCommandBarCtrlImpl<WTL::CCommandBarCtrl,WTL::CCommandBarCtrlBase,ATL::CControlWinTraits>" 的引用
  MainFrm.cpp
f:\delta-2d\delta-2d_windows_demo\sdk\app\frame_grabber\ref\wtl\atluser.h(1319): warning C4302: “类型强制转换”: 从“LPCTSTR”到“WORD”截断
f:\delta-2d\delta-2d_windows_demo\sdk\app\frame_grabber\ref\wtl\atluser.h(1329): warning C4302: “类型强制转换”: 从“LPCTSTR”到“WORD”截断
f:\delta-2d\delta-2d_windows_demo\sdk\app\frame_grabber\ref\wtl\atlgdi.h(469): warning C4838: 从“int”转换到“UINT”需要收缩转换
f:\delta-2d\delta-2d_windows_demo\sdk\app\frame_grabber\ref\wtl\atlgdi.h(476): warning C4838: 从“int”转换到“UINT”需要收缩转换
f:\delta-2d\delta-2d_windows_demo\sdk\app\frame_grabber\ref\wtl\atlgdi.h(483): warning C4838: 从“int”转换到“UINT”需要收缩转换
f:\delta-2d\delta-2d_windows_demo\sdk\app\frame_grabber\ref\wtl\atlgdi.h(490): warning C4838: 从“int”转换到“UINT”需要收缩转换
f:\delta-2d\delta-2d_windows_demo\sdk\app\frame_grabber\ref\wtl\atlgdi.h(3682): warning C4838: 从“LONG”转换到“DWORD”需要收缩转换
f:\delta-2d\delta-2d_windows_demo\sdk\app\frame_grabber\ref\wtl\atldlgs.h(3208): warning C4302: “类型强制转换”: 从“LPCTSTR”到“WORD”截断
f:\delta-2d\delta-2d_windows_demo\sdk\app\frame_grabber\ref\wtl\atldlgs.h(3230): warning C4302: “类型强制转换”: 从“LPCTSTR”到“WORD”截断
f:\delta-2d\delta-2d_windows_demo\sdk\app\frame_grabber\ref\wtl\atldlgs.h(3291): warning C4302: “类型强制转换”: 从“LPCTSTR”到“WORD”截断
f:\delta-2d\delta-2d_windows_demo\sdk\app\frame_grabber\ref\wtl\atldlgs.h(3306): warning C4302: “类型强制转换”: 从“LPCTSTR”到“WORD”截断
f:\delta-2d\delta-2d_windows_demo\sdk\sdk\include\rslidar_protocol.h(163): warning C4200: 使用了非标准扩展: 结构/联合中的零大小数组
  f:\delta-2d\delta-2d_windows_demo\sdk\sdk\include\rslidar_protocol.h(163): note: 默认构造函数或 copy/move 赋值运算符将忽略此成员
f:\delta-2d\delta-2d_windows_demo\sdk\app\frame_grabber\mainfrm.cpp(205): warning C4474: fprintf: 格式字符串中传递的参数太多
  f:\delta-2d\delta-2d_windows_demo\sdk\app\frame_grabber\mainfrm.cpp(205): note: 占位符和其参数预计 2 可变参数，但提供的却是 3 参数
f:\delta-2d\delta-2d_windows_demo\sdk\app\frame_grabber\ref\wtl\atlframe.h(602): warning C4838: 从“int”转换到“UINT”需要收缩转换
  f:\delta-2d\delta-2d_windows_demo\sdk\app\frame_grabber\ref\wtl\atlframe.h(586): note: 编译 类 模板 成员函数 "BOOL WTL::CFrameWindowImplBase<ATL::CWindow,ATL::CFrameWinTraits>::AddSimpleReBarBandCtrl(HWND,HWND,int,LPCTSTR,BOOL,int,BOOL)" 时
  f:\delta-2d\delta-2d_windows_demo\sdk\app\frame_grabber\ref\wtl\atlframe.h(681): note: 参见对正在编译的函数 模板 实例化“BOOL WTL::CFrameWindowImplBase<ATL::CWindow,ATL::CFrameWinTraits>::AddSimpleReBarBandCtrl(HWND,HWND,int,LPCTSTR,BOOL,int,BOOL)”的引用
  f:\delta-2d\delta-2d_windows_demo\sdk\app\frame_grabber\ref\wtl\atlframe.h(1279): note: 参见对正在编译的 类 模板 实例化 "WTL::CFrameWindowImplBase<ATL::CWindow,ATL::CFrameWinTraits>" 的引用
f:\delta-2d\delta-2d_windows_demo\sdk\app\frame_grabber\ref\wtl\atlctrlx.h(3270): warning C4838: 从“int”转换到“UINT_PTR”需要收缩转换
  f:\delta-2d\delta-2d_windows_demo\sdk\app\frame_grabber\ref\wtl\atlctrlx.h(3267): note: 编译 类 模板 成员函数 "void WTL::CSortListViewImpl<T>::NotifyParentSortChanged(int,int)" 时
          with
          [
              T=WTL::CSortListViewCtrl
          ]
  f:\delta-2d\delta-2d_windows_demo\sdk\app\frame_grabber\ref\wtl\atlctrlx.h(3664): note: 参见对正在编译的函数 模板 实例化“void WTL::CSortListViewImpl<T>::NotifyParentSortChanged(int,int)”的引用
          with
          [
              T=WTL::CSortListViewCtrl
          ]
  f:\delta-2d\delta-2d_windows_demo\sdk\app\frame_grabber\ref\wtl\atlctrlx.h(3701): note: 参见对正在编译的 类 模板 实例化 "WTL::CSortListViewImpl<T>" 的引用
          with
          [
              T=WTL::CSortListViewCtrl
          ]
  f:\delta-2d\delta-2d_windows_demo\sdk\app\frame_grabber\ref\wtl\atlctrlx.h(3720): note: 参见对正在编译的 类 模板 实例化 "WTL::CSortListViewCtrlImpl<WTL::CSortListViewCtrl,WTL::CListViewCtrl,WTL::CSortListViewCtrlTraits>" 的引用
f:\delta-2d\delta-2d_windows_demo\sdk\app\frame_grabber\ref\wtl\atlctrlx.h(1081): warning C4838: 从“int”转换到“UINT_PTR”需要收缩转换
  f:\delta-2d\delta-2d_windows_demo\sdk\app\frame_grabber\ref\wtl\atlctrlx.h(1076): note: 编译 类 模板 成员函数 "bool WTL::CHyperLinkImpl<WTL::CHyperLink,ATL::CWindow,ATL::CControlWinTraits>::Navigate(void)" 时
  f:\delta-2d\delta-2d_windows_demo\sdk\app\frame_grabber\ref\wtl\atlctrlx.h(1323): note: 参见对正在编译的函数 模板 实例化“bool WTL::CHyperLinkImpl<WTL::CHyperLink,ATL::CWindow,ATL::CControlWinTraits>::Navigate(void)”的引用
  f:\delta-2d\delta-2d_windows_demo\sdk\app\frame_grabber\ref\wtl\atlctrlx.h(1820): note: 参见对正在编译的 类 模板 实例化 "WTL::CHyperLinkImpl<WTL::CHyperLink,ATL::CWindow,ATL::CControlWinTraits>" 的引用
f:\delta-2d\delta-2d_windows_demo\sdk\app\frame_grabber\ref\wtl\atlctrlw.h(2915): warning C4838: 从“int”转换到“UINT”需要收缩转换
  f:\delta-2d\delta-2d_windows_demo\sdk\app\frame_grabber\ref\wtl\atlctrlw.h(2908): note: 编译 类 模板 成员函数 "bool WTL::CCommandBarCtrlImpl<T,TBase,TWinTraits>::DisplayChevronMenu(void)" 时
          with
          [
              T=WTL::CMDICommandBarCtrl,
              TBase=WTL::CCommandBarCtrlBase,
              TWinTraits=ATL::CControlWinTraits
          ]
  f:\delta-2d\delta-2d_windows_demo\sdk\app\frame_grabber\ref\wtl\atlctrlw.h(2068): note: 参见对正在编译的函数 模板 实例化“bool WTL::CCommandBarCtrlImpl<T,TBase,TWinTraits>::DisplayChevronMenu(void)”的引用
          with
          [
              T=WTL::CMDICommandBarCtrl,
              TBase=WTL::CCommandBarCtrlBase,
              TWinTraits=ATL::CControlWinTraits
          ]
  f:\delta-2d\delta-2d_windows_demo\sdk\app\frame_grabber\ref\wtl\atlctrlw.h(3269): note: 参见对正在编译的 类 模板 实例化 "WTL::CCommandBarCtrlImpl<T,TBase,TWinTraits>" 的引用
          with
          [
              T=WTL::CMDICommandBarCtrl,
              TBase=WTL::CCommandBarCtrlBase,
              TWinTraits=ATL::CControlWinTraits
          ]
  f:\delta-2d\delta-2d_windows_demo\sdk\app\frame_grabber\ref\wtl\atlctrlw.h(4150): note: 参见对正在编译的 类 模板 实例化 "WTL::CMDICommandBarCtrlImpl<WTL::CMDICommandBarCtrl,WTL::CCommandBarCtrlBase,ATL::CControlWinTraits>" 的引用
f:\delta-2d\delta-2d_windows_demo\sdk\app\frame_grabber\ref\wtl\atlctrlw.h(3970): warning C4838: 从“int”转换到“UINT”需要收缩转换
  f:\delta-2d\delta-2d_windows_demo\sdk\app\frame_grabber\ref\wtl\atlctrlw.h(3964): note: 编译 类 模板 成员函数 "void WTL::CMDICommandBarCtrlImpl<WTL::CMDICommandBarCtrl,WTL::CCommandBarCtrlBase,ATL::CControlWinTraits>::GetSystemSettings(void)" 时
  f:\delta-2d\delta-2d_windows_demo\sdk\app\frame_grabber\ref\wtl\atlctrlw.h(1432): note: 参见对正在编译的函数 模板 实例化“void WTL::CMDICommandBarCtrlImpl<WTL::CMDICommandBarCtrl,WTL::CCommandBarCtrlBase,ATL::CControlWinTraits>::GetSystemSettings(void)”的引用
f:\delta-2d\delta-2d_windows_demo\sdk\app\frame_grabber\ref\wtl\atlctrlw.h(3910): warning C4838: 从“int”转换到“UINT”需要收缩转换
  f:\delta-2d\delta-2d_windows_demo\sdk\app\frame_grabber\ref\wtl\atlctrlw.h(3860): note: 编译 类 模板 成员函数 "void WTL::CMDICommandBarCtrlImpl<WTL::CMDICommandBarCtrl,WTL::CCommandBarCtrlBase,ATL::CControlWinTraits>::_ProcessAllHookMessages(UINT,WPARAM,LPARAM)" 时
  f:\delta-2d\delta-2d_windows_demo\sdk\app\frame_grabber\ref\wtl\atlctrlw.h(3824): note: 参见对正在编译的函数 模板 实例化“void WTL::CMDICommandBarCtrlImpl<WTL::CMDICommandBarCtrl,WTL::CCommandBarCtrlBase,ATL::CControlWinTraits>::_ProcessAllHookMessages(UINT,WPARAM,LPARAM)”的引用
f:\delta-2d\delta-2d_windows_demo\sdk\app\frame_grabber\ref\wtl\atlctrlw.h(3839): warning C4838: 从“int”转换到“UINT”需要收缩转换
  f:\delta-2d\delta-2d_windows_demo\sdk\app\frame_grabber\ref\wtl\atlctrlw.h(3833): note: 编译 类 模板 成员函数 "void WTL::CMDICommandBarCtrlImpl<WTL::CMDICommandBarCtrl,WTL::CCommandBarCtrlBase,ATL::CControlWinTraits>::UpdateRebarBandIdealSize(void)" 时
  f:\delta-2d\delta-2d_windows_demo\sdk\app\frame_grabber\ref\wtl\atlctrlw.h(3814): note: 参见对正在编译的函数 模板 实例化“void WTL::CMDICommandBarCtrlImpl<WTL::CMDICommandBarCtrl,WTL::CCommandBarCtrlBase,ATL::CControlWinTraits>::UpdateRebarBandIdealSize(void)”的引用
f:\delta-2d\delta-2d_windows_demo\sdk\app\frame_grabber\ref\wtl\atlctrlw.h(2935): warning C4838: 从“int”转换到“UINT”需要收缩转换
  f:\delta-2d\delta-2d_windows_demo\sdk\app\frame_grabber\ref\wtl\atlctrlw.h(2933): note: 编译 类 模板 成员函数 "void WTL::CCommandBarCtrlImpl<WTL::CCommandBarCtrl,WTL::CCommandBarCtrlBase,ATL::CControlWinTraits>::GetSystemSettings(void)" 时
  f:\delta-2d\delta-2d_windows_demo\sdk\app\frame_grabber\ref\wtl\atlctrlw.h(1432): note: 参见对正在编译的函数 模板 实例化“void WTL::CCommandBarCtrlImpl<WTL::CCommandBarCtrl,WTL::CCommandBarCtrlBase,ATL::CControlWinTraits>::GetSystemSettings(void)”的引用
  f:\delta-2d\delta-2d_windows_demo\sdk\app\frame_grabber\ref\wtl\atlctrlw.h(3258): note: 参见对正在编译的 类 模板 实例化 "WTL::CCommandBarCtrlImpl<WTL::CCommandBarCtrl,WTL::CCommandBarCtrlBase,ATL::CControlWinTraits>" 的引用
f:\delta-2d\delta-2d_windows_demo\sdk\app\frame_grabber\ref\wtl\atlframe.h(991): warning C4838: 从“int”转换到“UINT”需要收缩转换
  f:\delta-2d\delta-2d_windows_demo\sdk\app\frame_grabber\ref\wtl\atlframe.h(989): note: 编译 类 模板 成员函数 "bool WTL::CFrameWindowImplBase<ATL::CWindow,ATL::CFrameWinTraits>::PrepareChevronMenu(WTL::CFrameWindowImplBase<ATL::CWindow,ATL::CFrameWinTraits>::_ChevronMenuInfo &)" 时
  f:\delta-2d\delta-2d_windows_demo\sdk\app\frame_grabber\ref\wtl\atlframe.h(1255): note: 参见对正在编译的函数 模板 实例化“bool WTL::CFrameWindowImplBase<ATL::CWindow,ATL::CFrameWinTraits>::PrepareChevronMenu(WTL::CFrameWindowImplBase<ATL::CWindow,ATL::CFrameWinTraits>::_ChevronMenuInfo &)”的引用
  正在生成代码...
  frame_grabber.vcxproj -> F:\Delta-2D\Delta-2D_Windows_Demo\sdk\workspaces\vc10\\..\..\output\win32\Debug\frame_grabber.exe
