Warning[205] B:\BRIDGE\CITY2020_SEM_A\EE2004\CODE\TUT7\TUT7-4.ASM 1 : Found directive in column 1. (LIST)
Warning[205] B:\BRIDGE\CITY2020_SEM_A\EE2004\CODE\TUT7\TUT7-4.ASM 4 : Found directive in column 1. (CONFIG)
Warning[205] B:\BRIDGE\CITY2020_SEM_A\EE2004\CODE\TUT7\TUT7-4.ASM 5 : Found directive in column 1. (CONFIG)
Warning[205] B:\BRIDGE\CITY2020_SEM_A\EE2004\CODE\TUT7\TUT7-4.ASM 6 : Found directive in column 1. (CONFIG)
Warning[205] B:\BRIDGE\CITY2020_SEM_A\EE2004\CODE\TUT7\TUT7-4.ASM 9 : Found directive in column 1. (ORG)
Warning[203] B:\BRIDGE\CITY2020_SEM_A\EE2004\CODE\TUT7\TUT7-4.ASM 10 : Found opcode in column 1. (clrf)
Warning[203] B:\BRIDGE\CITY2020_SEM_A\EE2004\CODE\TUT7\TUT7-4.ASM 11 : Found opcode in column 1. (clrf)
Warning[203] B:\BRIDGE\CITY2020_SEM_A\EE2004\CODE\TUT7\TUT7-4.ASM 12 : Found opcode in column 1. (clrf)
Warning[203] B:\BRIDGE\CITY2020_SEM_A\EE2004\CODE\TUT7\TUT7-4.ASM 13 : Found opcode in column 1. (clrf)
Warning[203] B:\BRIDGE\CITY2020_SEM_A\EE2004\CODE\TUT7\TUT7-4.ASM 14 : Found opcode in column 1. (movlw)
Warning[203] B:\BRIDGE\CITY2020_SEM_A\EE2004\CODE\TUT7\TUT7-4.ASM 15 : Found opcode in column 1. (movwf)
Warning[203] B:\BRIDGE\CITY2020_SEM_A\EE2004\CODE\TUT7\TUT7-4.ASM 17 : Found opcode in column 1. (goto)
Warning[205] B:\BRIDGE\CITY2020_SEM_A\EE2004\CODE\TUT7\TUT7-4.ASM 18 : Found directive in column 1. (ORG)
Warning[203] B:\BRIDGE\CITY2020_SEM_A\EE2004\CODE\TUT7\TUT7-4.ASM 21 : Found opcode in column 1. (movlw)
Warning[203] B:\BRIDGE\CITY2020_SEM_A\EE2004\CODE\TUT7\TUT7-4.ASM 22 : Found opcode in column 1. (movwf)
Warning[203] B:\BRIDGE\CITY2020_SEM_A\EE2004\CODE\TUT7\TUT7-4.ASM 23 : Found opcode in column 1. (btfss)
Warning[203] B:\BRIDGE\CITY2020_SEM_A\EE2004\CODE\TUT7\TUT7-4.ASM 24 : Found opcode in column 1. (call)
Warning[203] B:\BRIDGE\CITY2020_SEM_A\EE2004\CODE\TUT7\TUT7-4.ASM 25 : Found opcode in column 1. (btfss)
Warning[203] B:\BRIDGE\CITY2020_SEM_A\EE2004\CODE\TUT7\TUT7-4.ASM 26 : Found opcode in column 1. (call)
Warning[203] B:\BRIDGE\CITY2020_SEM_A\EE2004\CODE\TUT7\TUT7-4.ASM 27 : Found opcode in column 1. (btfss)
Warning[203] B:\BRIDGE\CITY2020_SEM_A\EE2004\CODE\TUT7\TUT7-4.ASM 28 : Found opcode in column 1. (call)
Warning[203] B:\BRIDGE\CITY2020_SEM_A\EE2004\CODE\TUT7\TUT7-4.ASM 29 : Found opcode in column 1. (btfss)
Warning[203] B:\BRIDGE\CITY2020_SEM_A\EE2004\CODE\TUT7\TUT7-4.ASM 30 : Found opcode in column 1. (call)
Warning[203] B:\BRIDGE\CITY2020_SEM_A\EE2004\CODE\TUT7\TUT7-4.ASM 32 : Found opcode in column 1. (movlw)
Warning[203] B:\BRIDGE\CITY2020_SEM_A\EE2004\CODE\TUT7\TUT7-4.ASM 33 : Found opcode in column 1. (movwf)
Warning[203] B:\BRIDGE\CITY2020_SEM_A\EE2004\CODE\TUT7\TUT7-4.ASM 34 : Found opcode in column 1. (btfss)
Warning[203] B:\BRIDGE\CITY2020_SEM_A\EE2004\CODE\TUT7\TUT7-4.ASM 35 : Found opcode in column 1. (call)
Warning[203] B:\BRIDGE\CITY2020_SEM_A\EE2004\CODE\TUT7\TUT7-4.ASM 36 : Found opcode in column 1. (btfss)
Warning[203] B:\BRIDGE\CITY2020_SEM_A\EE2004\CODE\TUT7\TUT7-4.ASM 37 : Found opcode in column 1. (call)
Warning[203] B:\BRIDGE\CITY2020_SEM_A\EE2004\CODE\TUT7\TUT7-4.ASM 38 : Found opcode in column 1. (btfss)
Warning[203] B:\BRIDGE\CITY2020_SEM_A\EE2004\CODE\TUT7\TUT7-4.ASM 39 : Found opcode in column 1. (call)
Warning[203] B:\BRIDGE\CITY2020_SEM_A\EE2004\CODE\TUT7\TUT7-4.ASM 40 : Found opcode in column 1. (btfss)
Warning[203] B:\BRIDGE\CITY2020_SEM_A\EE2004\CODE\TUT7\TUT7-4.ASM 41 : Found opcode in column 1. (call)
Warning[203] B:\BRIDGE\CITY2020_SEM_A\EE2004\CODE\TUT7\TUT7-4.ASM 43 : Found opcode in column 1. (movlw)
Warning[203] B:\BRIDGE\CITY2020_SEM_A\EE2004\CODE\TUT7\TUT7-4.ASM 44 : Found opcode in column 1. (movwf)
Warning[203] B:\BRIDGE\CITY2020_SEM_A\EE2004\CODE\TUT7\TUT7-4.ASM 45 : Found opcode in column 1. (btfss)
Warning[203] B:\BRIDGE\CITY2020_SEM_A\EE2004\CODE\TUT7\TUT7-4.ASM 46 : Found opcode in column 1. (call)
Warning[203] B:\BRIDGE\CITY2020_SEM_A\EE2004\CODE\TUT7\TUT7-4.ASM 47 : Found opcode in column 1. (btfss)
Warning[203] B:\BRIDGE\CITY2020_SEM_A\EE2004\CODE\TUT7\TUT7-4.ASM 48 : Found opcode in column 1. (call)
Warning[203] B:\BRIDGE\CITY2020_SEM_A\EE2004\CODE\TUT7\TUT7-4.ASM 49 : Found opcode in column 1. (btfss)
Warning[203] B:\BRIDGE\CITY2020_SEM_A\EE2004\CODE\TUT7\TUT7-4.ASM 50 : Found opcode in column 1. (call)
Warning[203] B:\BRIDGE\CITY2020_SEM_A\EE2004\CODE\TUT7\TUT7-4.ASM 51 : Found opcode in column 1. (btfss)
Warning[203] B:\BRIDGE\CITY2020_SEM_A\EE2004\CODE\TUT7\TUT7-4.ASM 52 : Found opcode in column 1. (call)
Warning[203] B:\BRIDGE\CITY2020_SEM_A\EE2004\CODE\TUT7\TUT7-4.ASM 54 : Found opcode in column 1. (movlw)
Warning[203] B:\BRIDGE\CITY2020_SEM_A\EE2004\CODE\TUT7\TUT7-4.ASM 55 : Found opcode in column 1. (movwf)
Warning[203] B:\BRIDGE\CITY2020_SEM_A\EE2004\CODE\TUT7\TUT7-4.ASM 56 : Found opcode in column 1. (btfss)
Warning[203] B:\BRIDGE\CITY2020_SEM_A\EE2004\CODE\TUT7\TUT7-4.ASM 57 : Found opcode in column 1. (call)
Warning[203] B:\BRIDGE\CITY2020_SEM_A\EE2004\CODE\TUT7\TUT7-4.ASM 58 : Found opcode in column 1. (btfss)
Warning[203] B:\BRIDGE\CITY2020_SEM_A\EE2004\CODE\TUT7\TUT7-4.ASM 59 : Found opcode in column 1. (call)
Warning[203] B:\BRIDGE\CITY2020_SEM_A\EE2004\CODE\TUT7\TUT7-4.ASM 60 : Found opcode in column 1. (btfss)
Warning[203] B:\BRIDGE\CITY2020_SEM_A\EE2004\CODE\TUT7\TUT7-4.ASM 61 : Found opcode in column 1. (call)
Warning[203] B:\BRIDGE\CITY2020_SEM_A\EE2004\CODE\TUT7\TUT7-4.ASM 62 : Found opcode in column 1. (btfss)
Warning[203] B:\BRIDGE\CITY2020_SEM_A\EE2004\CODE\TUT7\TUT7-4.ASM 63 : Found opcode in column 1. (call)
Warning[203] B:\BRIDGE\CITY2020_SEM_A\EE2004\CODE\TUT7\TUT7-4.ASM 64 : Found opcode in column 1. (goto)
Warning[203] B:\BRIDGE\CITY2020_SEM_A\EE2004\CODE\TUT7\TUT7-4.ASM 67 : Found opcode in column 1. (movwf)
Warning[203] B:\BRIDGE\CITY2020_SEM_A\EE2004\CODE\TUT7\TUT7-4.ASM 69 : Found opcode in column 1. (bnz)
Warning[203] B:\BRIDGE\CITY2020_SEM_A\EE2004\CODE\TUT7\TUT7-4.ASM 70 : Found opcode in column 1. (return)
Warning[203] B:\BRIDGE\CITY2020_SEM_A\EE2004\CODE\TUT7\TUT7-4.ASM 73 : Found opcode in column 1. (movlw)
Warning[203] B:\BRIDGE\CITY2020_SEM_A\EE2004\CODE\TUT7\TUT7-4.ASM 74 : Found opcode in column 1. (movwf)
Warning[203] B:\BRIDGE\CITY2020_SEM_A\EE2004\CODE\TUT7\TUT7-4.ASM 75 : Found opcode in column 1. (clrf)
Warning[203] B:\BRIDGE\CITY2020_SEM_A\EE2004\CODE\TUT7\TUT7-4.ASM 76 : Found opcode in column 1. (movlw)
Warning[203] B:\BRIDGE\CITY2020_SEM_A\EE2004\CODE\TUT7\TUT7-4.ASM 77 : Found opcode in column 1. (movwf)
Warning[203] B:\BRIDGE\CITY2020_SEM_A\EE2004\CODE\TUT7\TUT7-4.ASM 78 : Found opcode in column 1. (call)
Warning[203] B:\BRIDGE\CITY2020_SEM_A\EE2004\CODE\TUT7\TUT7-4.ASM 80 : Found opcode in column 1. (bra)
Warning[203] B:\BRIDGE\CITY2020_SEM_A\EE2004\CODE\TUT7\TUT7-4.ASM 81 : Found opcode in column 1. (call)
Warning[203] B:\BRIDGE\CITY2020_SEM_A\EE2004\CODE\TUT7\TUT7-4.ASM 82 : Found opcode in column 1. (return)
Warning[203] B:\BRIDGE\CITY2020_SEM_A\EE2004\CODE\TUT7\TUT7-4.ASM 85 : Found opcode in column 1. (movlw)
Warning[203] B:\BRIDGE\CITY2020_SEM_A\EE2004\CODE\TUT7\TUT7-4.ASM 86 : Found opcode in column 1. (movwf)
Warning[203] B:\BRIDGE\CITY2020_SEM_A\EE2004\CODE\TUT7\TUT7-4.ASM 87 : Found opcode in column 1. (clrf)
Warning[203] B:\BRIDGE\CITY2020_SEM_A\EE2004\CODE\TUT7\TUT7-4.ASM 88 : Found opcode in column 1. (movlw)
Warning[203] B:\BRIDGE\CITY2020_SEM_A\EE2004\CODE\TUT7\TUT7-4.ASM 89 : Found opcode in column 1. (movwf)
Warning[203] B:\BRIDGE\CITY2020_SEM_A\EE2004\CODE\TUT7\TUT7-4.ASM 90 : Found opcode in column 1. (call)
Warning[203] B:\BRIDGE\CITY2020_SEM_A\EE2004\CODE\TUT7\TUT7-4.ASM 92 : Found opcode in column 1. (bra)
Warning[203] B:\BRIDGE\CITY2020_SEM_A\EE2004\CODE\TUT7\TUT7-4.ASM 93 : Found opcode in column 1. (call)
Warning[203] B:\BRIDGE\CITY2020_SEM_A\EE2004\CODE\TUT7\TUT7-4.ASM 94 : Found opcode in column 1. (return)
Warning[203] B:\BRIDGE\CITY2020_SEM_A\EE2004\CODE\TUT7\TUT7-4.ASM 97 : Found opcode in column 1. (movlw)
Warning[203] B:\BRIDGE\CITY2020_SEM_A\EE2004\CODE\TUT7\TUT7-4.ASM 98 : Found opcode in column 1. (movwf)
Warning[203] B:\BRIDGE\CITY2020_SEM_A\EE2004\CODE\TUT7\TUT7-4.ASM 99 : Found opcode in column 1. (clrf)
Warning[203] B:\BRIDGE\CITY2020_SEM_A\EE2004\CODE\TUT7\TUT7-4.ASM 100 : Found opcode in column 1. (movlw)
Warning[203] B:\BRIDGE\CITY2020_SEM_A\EE2004\CODE\TUT7\TUT7-4.ASM 101 : Found opcode in column 1. (movwf)
Warning[203] B:\BRIDGE\CITY2020_SEM_A\EE2004\CODE\TUT7\TUT7-4.ASM 102 : Found opcode in column 1. (call)
Warning[203] B:\BRIDGE\CITY2020_SEM_A\EE2004\CODE\TUT7\TUT7-4.ASM 104 : Found opcode in column 1. (bra)
Warning[203] B:\BRIDGE\CITY2020_SEM_A\EE2004\CODE\TUT7\TUT7-4.ASM 105 : Found opcode in column 1. (call)
Warning[203] B:\BRIDGE\CITY2020_SEM_A\EE2004\CODE\TUT7\TUT7-4.ASM 106 : Found opcode in column 1. (return)
Warning[203] B:\BRIDGE\CITY2020_SEM_A\EE2004\CODE\TUT7\TUT7-4.ASM 109 : Found opcode in column 1. (movlw)
Warning[203] B:\BRIDGE\CITY2020_SEM_A\EE2004\CODE\TUT7\TUT7-4.ASM 110 : Found opcode in column 1. (movwf)
Warning[203] B:\BRIDGE\CITY2020_SEM_A\EE2004\CODE\TUT7\TUT7-4.ASM 111 : Found opcode in column 1. (clrf)
Warning[203] B:\BRIDGE\CITY2020_SEM_A\EE2004\CODE\TUT7\TUT7-4.ASM 112 : Found opcode in column 1. (movlw)
Warning[203] B:\BRIDGE\CITY2020_SEM_A\EE2004\CODE\TUT7\TUT7-4.ASM 113 : Found opcode in column 1. (movwf)
Warning[203] B:\BRIDGE\CITY2020_SEM_A\EE2004\CODE\TUT7\TUT7-4.ASM 114 : Found opcode in column 1. (call)
Warning[203] B:\BRIDGE\CITY2020_SEM_A\EE2004\CODE\TUT7\TUT7-4.ASM 116 : Found opcode in column 1. (bra)
Warning[203] B:\BRIDGE\CITY2020_SEM_A\EE2004\CODE\TUT7\TUT7-4.ASM 117 : Found opcode in column 1. (call)
Warning[203] B:\BRIDGE\CITY2020_SEM_A\EE2004\CODE\TUT7\TUT7-4.ASM 118 : Found opcode in column 1. (return)
Warning[203] B:\BRIDGE\CITY2020_SEM_A\EE2004\CODE\TUT7\TUT7-4.ASM 121 : Found opcode in column 1. (movlw)
Warning[203] B:\BRIDGE\CITY2020_SEM_A\EE2004\CODE\TUT7\TUT7-4.ASM 122 : Found opcode in column 1. (movwf)
Warning[203] B:\BRIDGE\CITY2020_SEM_A\EE2004\CODE\TUT7\TUT7-4.ASM 123 : Found opcode in column 1. (clrf)
Warning[203] B:\BRIDGE\CITY2020_SEM_A\EE2004\CODE\TUT7\TUT7-4.ASM 124 : Found opcode in column 1. (movlw)
Warning[203] B:\BRIDGE\CITY2020_SEM_A\EE2004\CODE\TUT7\TUT7-4.ASM 125 : Found opcode in column 1. (movwf)
Warning[203] B:\BRIDGE\CITY2020_SEM_A\EE2004\CODE\TUT7\TUT7-4.ASM 126 : Found opcode in column 1. (call)
Warning[203] B:\BRIDGE\CITY2020_SEM_A\EE2004\CODE\TUT7\TUT7-4.ASM 128 : Found opcode in column 1. (bra)
Warning[203] B:\BRIDGE\CITY2020_SEM_A\EE2004\CODE\TUT7\TUT7-4.ASM 129 : Found opcode in column 1. (call)
Warning[203] B:\BRIDGE\CITY2020_SEM_A\EE2004\CODE\TUT7\TUT7-4.ASM 130 : Found opcode in column 1. (return)
Warning[203] B:\BRIDGE\CITY2020_SEM_A\EE2004\CODE\TUT7\TUT7-4.ASM 133 : Found opcode in column 1. (movlw)
Warning[203] B:\BRIDGE\CITY2020_SEM_A\EE2004\CODE\TUT7\TUT7-4.ASM 134 : Found opcode in column 1. (movwf)
Warning[203] B:\BRIDGE\CITY2020_SEM_A\EE2004\CODE\TUT7\TUT7-4.ASM 135 : Found opcode in column 1. (clrf)
Warning[203] B:\BRIDGE\CITY2020_SEM_A\EE2004\CODE\TUT7\TUT7-4.ASM 136 : Found opcode in column 1. (movlw)
Warning[203] B:\BRIDGE\CITY2020_SEM_A\EE2004\CODE\TUT7\TUT7-4.ASM 137 : Found opcode in column 1. (movwf)
Warning[203] B:\BRIDGE\CITY2020_SEM_A\EE2004\CODE\TUT7\TUT7-4.ASM 138 : Found opcode in column 1. (call)
Warning[203] B:\BRIDGE\CITY2020_SEM_A\EE2004\CODE\TUT7\TUT7-4.ASM 140 : Found opcode in column 1. (bra)
Warning[203] B:\BRIDGE\CITY2020_SEM_A\EE2004\CODE\TUT7\TUT7-4.ASM 141 : Found opcode in column 1. (call)
Warning[203] B:\BRIDGE\CITY2020_SEM_A\EE2004\CODE\TUT7\TUT7-4.ASM 142 : Found opcode in column 1. (return)
Warning[203] B:\BRIDGE\CITY2020_SEM_A\EE2004\CODE\TUT7\TUT7-4.ASM 145 : Found opcode in column 1. (movlw)
Warning[203] B:\BRIDGE\CITY2020_SEM_A\EE2004\CODE\TUT7\TUT7-4.ASM 146 : Found opcode in column 1. (movwf)
Warning[203] B:\BRIDGE\CITY2020_SEM_A\EE2004\CODE\TUT7\TUT7-4.ASM 147 : Found opcode in column 1. (clrf)
Warning[203] B:\BRIDGE\CITY2020_SEM_A\EE2004\CODE\TUT7\TUT7-4.ASM 148 : Found opcode in column 1. (movlw)
Warning[203] B:\BRIDGE\CITY2020_SEM_A\EE2004\CODE\TUT7\TUT7-4.ASM 149 : Found opcode in column 1. (movwf)
Warning[203] B:\BRIDGE\CITY2020_SEM_A\EE2004\CODE\TUT7\TUT7-4.ASM 150 : Found opcode in column 1. (call)
Warning[203] B:\BRIDGE\CITY2020_SEM_A\EE2004\CODE\TUT7\TUT7-4.ASM 152 : Found opcode in column 1. (bra)
Warning[203] B:\BRIDGE\CITY2020_SEM_A\EE2004\CODE\TUT7\TUT7-4.ASM 153 : Found opcode in column 1. (call)
Warning[203] B:\BRIDGE\CITY2020_SEM_A\EE2004\CODE\TUT7\TUT7-4.ASM 154 : Found opcode in column 1. (return)
Warning[203] B:\BRIDGE\CITY2020_SEM_A\EE2004\CODE\TUT7\TUT7-4.ASM 157 : Found opcode in column 1. (movlw)
Warning[203] B:\BRIDGE\CITY2020_SEM_A\EE2004\CODE\TUT7\TUT7-4.ASM 158 : Found opcode in column 1. (movwf)
Warning[203] B:\BRIDGE\CITY2020_SEM_A\EE2004\CODE\TUT7\TUT7-4.ASM 159 : Found opcode in column 1. (clrf)
Warning[203] B:\BRIDGE\CITY2020_SEM_A\EE2004\CODE\TUT7\TUT7-4.ASM 160 : Found opcode in column 1. (movlw)
Warning[203] B:\BRIDGE\CITY2020_SEM_A\EE2004\CODE\TUT7\TUT7-4.ASM 161 : Found opcode in column 1. (movwf)
Warning[203] B:\BRIDGE\CITY2020_SEM_A\EE2004\CODE\TUT7\TUT7-4.ASM 162 : Found opcode in column 1. (call)
Warning[203] B:\BRIDGE\CITY2020_SEM_A\EE2004\CODE\TUT7\TUT7-4.ASM 164 : Found opcode in column 1. (bra)
Warning[203] B:\BRIDGE\CITY2020_SEM_A\EE2004\CODE\TUT7\TUT7-4.ASM 165 : Found opcode in column 1. (call)
Warning[203] B:\BRIDGE\CITY2020_SEM_A\EE2004\CODE\TUT7\TUT7-4.ASM 166 : Found opcode in column 1. (return)
Warning[203] B:\BRIDGE\CITY2020_SEM_A\EE2004\CODE\TUT7\TUT7-4.ASM 169 : Found opcode in column 1. (movlw)
Warning[203] B:\BRIDGE\CITY2020_SEM_A\EE2004\CODE\TUT7\TUT7-4.ASM 170 : Found opcode in column 1. (movwf)
Warning[203] B:\BRIDGE\CITY2020_SEM_A\EE2004\CODE\TUT7\TUT7-4.ASM 171 : Found opcode in column 1. (clrf)
Warning[203] B:\BRIDGE\CITY2020_SEM_A\EE2004\CODE\TUT7\TUT7-4.ASM 172 : Found opcode in column 1. (movlw)
Warning[203] B:\BRIDGE\CITY2020_SEM_A\EE2004\CODE\TUT7\TUT7-4.ASM 173 : Found opcode in column 1. (movwf)
Warning[203] B:\BRIDGE\CITY2020_SEM_A\EE2004\CODE\TUT7\TUT7-4.ASM 174 : Found opcode in column 1. (call)
Warning[203] B:\BRIDGE\CITY2020_SEM_A\EE2004\CODE\TUT7\TUT7-4.ASM 176 : Found opcode in column 1. (bra)
Warning[203] B:\BRIDGE\CITY2020_SEM_A\EE2004\CODE\TUT7\TUT7-4.ASM 177 : Found opcode in column 1. (call)
Warning[203] B:\BRIDGE\CITY2020_SEM_A\EE2004\CODE\TUT7\TUT7-4.ASM 178 : Found opcode in column 1. (return)
Warning[203] B:\BRIDGE\CITY2020_SEM_A\EE2004\CODE\TUT7\TUT7-4.ASM 181 : Found opcode in column 1. (movlw)
Warning[203] B:\BRIDGE\CITY2020_SEM_A\EE2004\CODE\TUT7\TUT7-4.ASM 182 : Found opcode in column 1. (movwf)
Warning[203] B:\BRIDGE\CITY2020_SEM_A\EE2004\CODE\TUT7\TUT7-4.ASM 183 : Found opcode in column 1. (clrf)
Warning[203] B:\BRIDGE\CITY2020_SEM_A\EE2004\CODE\TUT7\TUT7-4.ASM 184 : Found opcode in column 1. (movlw)
Warning[203] B:\BRIDGE\CITY2020_SEM_A\EE2004\CODE\TUT7\TUT7-4.ASM 185 : Found opcode in column 1. (movwf)
Warning[203] B:\BRIDGE\CITY2020_SEM_A\EE2004\CODE\TUT7\TUT7-4.ASM 186 : Found opcode in column 1. (call)
Warning[203] B:\BRIDGE\CITY2020_SEM_A\EE2004\CODE\TUT7\TUT7-4.ASM 188 : Found opcode in column 1. (bra)
Warning[203] B:\BRIDGE\CITY2020_SEM_A\EE2004\CODE\TUT7\TUT7-4.ASM 189 : Found opcode in column 1. (call)
Warning[203] B:\BRIDGE\CITY2020_SEM_A\EE2004\CODE\TUT7\TUT7-4.ASM 190 : Found opcode in column 1. (return)
Warning[203] B:\BRIDGE\CITY2020_SEM_A\EE2004\CODE\TUT7\TUT7-4.ASM 193 : Found opcode in column 1. (movlw)
Warning[203] B:\BRIDGE\CITY2020_SEM_A\EE2004\CODE\TUT7\TUT7-4.ASM 194 : Found opcode in column 1. (movwf)
Warning[203] B:\BRIDGE\CITY2020_SEM_A\EE2004\CODE\TUT7\TUT7-4.ASM 195 : Found opcode in column 1. (clrf)
Warning[203] B:\BRIDGE\CITY2020_SEM_A\EE2004\CODE\TUT7\TUT7-4.ASM 196 : Found opcode in column 1. (movlw)
Warning[203] B:\BRIDGE\CITY2020_SEM_A\EE2004\CODE\TUT7\TUT7-4.ASM 197 : Found opcode in column 1. (movwf)
Warning[203] B:\BRIDGE\CITY2020_SEM_A\EE2004\CODE\TUT7\TUT7-4.ASM 198 : Found opcode in column 1. (call)
Warning[203] B:\BRIDGE\CITY2020_SEM_A\EE2004\CODE\TUT7\TUT7-4.ASM 200 : Found opcode in column 1. (bra)
Warning[203] B:\BRIDGE\CITY2020_SEM_A\EE2004\CODE\TUT7\TUT7-4.ASM 201 : Found opcode in column 1. (call)
Warning[203] B:\BRIDGE\CITY2020_SEM_A\EE2004\CODE\TUT7\TUT7-4.ASM 202 : Found opcode in column 1. (return)
Warning[203] B:\BRIDGE\CITY2020_SEM_A\EE2004\CODE\TUT7\TUT7-4.ASM 205 : Found opcode in column 1. (movlw)
Warning[203] B:\BRIDGE\CITY2020_SEM_A\EE2004\CODE\TUT7\TUT7-4.ASM 206 : Found opcode in column 1. (movwf)
Warning[203] B:\BRIDGE\CITY2020_SEM_A\EE2004\CODE\TUT7\TUT7-4.ASM 207 : Found opcode in column 1. (clrf)
Warning[203] B:\BRIDGE\CITY2020_SEM_A\EE2004\CODE\TUT7\TUT7-4.ASM 208 : Found opcode in column 1. (movlw)
Warning[203] B:\BRIDGE\CITY2020_SEM_A\EE2004\CODE\TUT7\TUT7-4.ASM 209 : Found opcode in column 1. (movwf)
Warning[203] B:\BRIDGE\CITY2020_SEM_A\EE2004\CODE\TUT7\TUT7-4.ASM 210 : Found opcode in column 1. (call)
Warning[203] B:\BRIDGE\CITY2020_SEM_A\EE2004\CODE\TUT7\TUT7-4.ASM 212 : Found opcode in column 1. (bra)
Warning[203] B:\BRIDGE\CITY2020_SEM_A\EE2004\CODE\TUT7\TUT7-4.ASM 213 : Found opcode in column 1. (call)
Warning[203] B:\BRIDGE\CITY2020_SEM_A\EE2004\CODE\TUT7\TUT7-4.ASM 214 : Found opcode in column 1. (return)
Warning[203] B:\BRIDGE\CITY2020_SEM_A\EE2004\CODE\TUT7\TUT7-4.ASM 217 : Found opcode in column 1. (movlw)
Warning[203] B:\BRIDGE\CITY2020_SEM_A\EE2004\CODE\TUT7\TUT7-4.ASM 218 : Found opcode in column 1. (movwf)
Warning[203] B:\BRIDGE\CITY2020_SEM_A\EE2004\CODE\TUT7\TUT7-4.ASM 219 : Found opcode in column 1. (clrf)
Warning[203] B:\BRIDGE\CITY2020_SEM_A\EE2004\CODE\TUT7\TUT7-4.ASM 220 : Found opcode in column 1. (movlw)
Warning[203] B:\BRIDGE\CITY2020_SEM_A\EE2004\CODE\TUT7\TUT7-4.ASM 221 : Found opcode in column 1. (movwf)
Warning[203] B:\BRIDGE\CITY2020_SEM_A\EE2004\CODE\TUT7\TUT7-4.ASM 222 : Found opcode in column 1. (call)
Warning[203] B:\BRIDGE\CITY2020_SEM_A\EE2004\CODE\TUT7\TUT7-4.ASM 224 : Found opcode in column 1. (bra)
Warning[203] B:\BRIDGE\CITY2020_SEM_A\EE2004\CODE\TUT7\TUT7-4.ASM 225 : Found opcode in column 1. (call)
Warning[203] B:\BRIDGE\CITY2020_SEM_A\EE2004\CODE\TUT7\TUT7-4.ASM 226 : Found opcode in column 1. (return)
Warning[203] B:\BRIDGE\CITY2020_SEM_A\EE2004\CODE\TUT7\TUT7-4.ASM 229 : Found opcode in column 1. (movlw)
Warning[203] B:\BRIDGE\CITY2020_SEM_A\EE2004\CODE\TUT7\TUT7-4.ASM 230 : Found opcode in column 1. (movwf)
Warning[203] B:\BRIDGE\CITY2020_SEM_A\EE2004\CODE\TUT7\TUT7-4.ASM 231 : Found opcode in column 1. (clrf)
Warning[203] B:\BRIDGE\CITY2020_SEM_A\EE2004\CODE\TUT7\TUT7-4.ASM 232 : Found opcode in column 1. (movlw)
Warning[203] B:\BRIDGE\CITY2020_SEM_A\EE2004\CODE\TUT7\TUT7-4.ASM 233 : Found opcode in column 1. (movwf)
Warning[203] B:\BRIDGE\CITY2020_SEM_A\EE2004\CODE\TUT7\TUT7-4.ASM 234 : Found opcode in column 1. (call)
Warning[203] B:\BRIDGE\CITY2020_SEM_A\EE2004\CODE\TUT7\TUT7-4.ASM 236 : Found opcode in column 1. (bra)
Warning[203] B:\BRIDGE\CITY2020_SEM_A\EE2004\CODE\TUT7\TUT7-4.ASM 237 : Found opcode in column 1. (call)
Warning[203] B:\BRIDGE\CITY2020_SEM_A\EE2004\CODE\TUT7\TUT7-4.ASM 238 : Found opcode in column 1. (return)
Warning[203] B:\BRIDGE\CITY2020_SEM_A\EE2004\CODE\TUT7\TUT7-4.ASM 241 : Found opcode in column 1. (movlw)
Warning[203] B:\BRIDGE\CITY2020_SEM_A\EE2004\CODE\TUT7\TUT7-4.ASM 242 : Found opcode in column 1. (movwf)
Warning[203] B:\BRIDGE\CITY2020_SEM_A\EE2004\CODE\TUT7\TUT7-4.ASM 243 : Found opcode in column 1. (clrf)
Warning[203] B:\BRIDGE\CITY2020_SEM_A\EE2004\CODE\TUT7\TUT7-4.ASM 244 : Found opcode in column 1. (movlw)
Warning[203] B:\BRIDGE\CITY2020_SEM_A\EE2004\CODE\TUT7\TUT7-4.ASM 245 : Found opcode in column 1. (movwf)
Warning[203] B:\BRIDGE\CITY2020_SEM_A\EE2004\CODE\TUT7\TUT7-4.ASM 246 : Found opcode in column 1. (call)
Warning[203] B:\BRIDGE\CITY2020_SEM_A\EE2004\CODE\TUT7\TUT7-4.ASM 248 : Found opcode in column 1. (bra)
Warning[203] B:\BRIDGE\CITY2020_SEM_A\EE2004\CODE\TUT7\TUT7-4.ASM 249 : Found opcode in column 1. (call)
Warning[203] B:\BRIDGE\CITY2020_SEM_A\EE2004\CODE\TUT7\TUT7-4.ASM 250 : Found opcode in column 1. (return)
Warning[203] B:\BRIDGE\CITY2020_SEM_A\EE2004\CODE\TUT7\TUT7-4.ASM 253 : Found opcode in column 1. (movlw)
Warning[203] B:\BRIDGE\CITY2020_SEM_A\EE2004\CODE\TUT7\TUT7-4.ASM 254 : Found opcode in column 1. (movwf)
Warning[203] B:\BRIDGE\CITY2020_SEM_A\EE2004\CODE\TUT7\TUT7-4.ASM 255 : Found opcode in column 1. (clrf)
Warning[203] B:\BRIDGE\CITY2020_SEM_A\EE2004\CODE\TUT7\TUT7-4.ASM 256 : Found opcode in column 1. (movlw)
Warning[203] B:\BRIDGE\CITY2020_SEM_A\EE2004\CODE\TUT7\TUT7-4.ASM 257 : Found opcode in column 1. (movwf)
Warning[203] B:\BRIDGE\CITY2020_SEM_A\EE2004\CODE\TUT7\TUT7-4.ASM 258 : Found opcode in column 1. (call)
Warning[203] B:\BRIDGE\CITY2020_SEM_A\EE2004\CODE\TUT7\TUT7-4.ASM 260 : Found opcode in column 1. (bra)
Warning[203] B:\BRIDGE\CITY2020_SEM_A\EE2004\CODE\TUT7\TUT7-4.ASM 261 : Found opcode in column 1. (call)
Warning[203] B:\BRIDGE\CITY2020_SEM_A\EE2004\CODE\TUT7\TUT7-4.ASM 262 : Found opcode in column 1. (return)
Warning[205] B:\BRIDGE\CITY2020_SEM_A\EE2004\CODE\TUT7\TUT7-4.ASM 264 : Found directive in column 1. (END)
