Warning[205] B:\BRIDGE\CITY2020_SEM_A\EE2004\CODE\TUT8\TUT8.ASM 1 : Found directive in column 1. (LIST)
Warning[205] B:\BRIDGE\CITY2020_SEM_A\EE2004\CODE\TUT8\TUT8.ASM 4 : Found directive in column 1. (CONFIG)
Warning[205] B:\BRIDGE\CITY2020_SEM_A\EE2004\CODE\TUT8\TUT8.ASM 5 : Found directive in column 1. (CONFIG)
Warning[205] B:\BRIDGE\CITY2020_SEM_A\EE2004\CODE\TUT8\TUT8.ASM 6 : Found directive in column 1. (CONFIG)
Warning[205] B:\BRIDGE\CITY2020_SEM_A\EE2004\CODE\TUT8\TUT8.ASM 8 : Found directive in column 1. (ORG)
Warning[203] B:\BRIDGE\CITY2020_SEM_A\EE2004\CODE\TUT8\TUT8.ASM 9 : Found opcode in column 1. (movlw)
Warning[203] B:\BRIDGE\CITY2020_SEM_A\EE2004\CODE\TUT8\TUT8.ASM 10 : Found opcode in column 1. (movwf)
Warning[203] B:\BRIDGE\CITY2020_SEM_A\EE2004\CODE\TUT8\TUT8.ASM 11 : Found opcode in column 1. (clrf)
Warning[203] B:\BRIDGE\CITY2020_SEM_A\EE2004\CODE\TUT8\TUT8.ASM 12 : Found opcode in column 1. (clrf)
Warning[203] B:\BRIDGE\CITY2020_SEM_A\EE2004\CODE\TUT8\TUT8.ASM 13 : Found opcode in column 1. (clrf)
Warning[203] B:\BRIDGE\CITY2020_SEM_A\EE2004\CODE\TUT8\TUT8.ASM 14 : Found opcode in column 1. (clrf)
Warning[205] B:\BRIDGE\CITY2020_SEM_A\EE2004\CODE\TUT8\TUT8.ASM 16 : Found directive in column 1. (CBLOCK)
Warning[205] B:\BRIDGE\CITY2020_SEM_A\EE2004\CODE\TUT8\TUT8.ASM 24 : Found directive in column 1. (ENDC)
Warning[203] B:\BRIDGE\CITY2020_SEM_A\EE2004\CODE\TUT8\TUT8.ASM 26 : Found opcode in column 1. (goto)
Warning[205] B:\BRIDGE\CITY2020_SEM_A\EE2004\CODE\TUT8\TUT8.ASM 27 : Found directive in column 1. (ORG)
Warning[207] B:\BRIDGE\CITY2020_SEM_A\EE2004\CODE\TUT8\TUT8.ASM 36 : Found label after column 1. (inner_loop)
Warning[203] B:\BRIDGE\CITY2020_SEM_A\EE2004\CODE\TUT8\TUT8.ASM 66 : Found opcode in column 1. (return)
Warning[203] B:\BRIDGE\CITY2020_SEM_A\EE2004\CODE\TUT8\TUT8.ASM 71 : Found opcode in column 1. (return)
Warning[203] B:\BRIDGE\CITY2020_SEM_A\EE2004\CODE\TUT8\TUT8.ASM 88 : Found opcode in column 1. (return)
Warning[203] B:\BRIDGE\CITY2020_SEM_A\EE2004\CODE\TUT8\TUT8.ASM 106 : Found opcode in column 1. (return)
Warning[205] B:\BRIDGE\CITY2020_SEM_A\EE2004\CODE\TUT8\TUT8.ASM 108 : Found directive in column 1. (ORG)
Warning[205] B:\BRIDGE\CITY2020_SEM_A\EE2004\CODE\TUT8\TUT8.ASM 126 : Found directive in column 1. (END)
