Warning[205] B:\BRIDGE\CITY2020_SEM_A\EE2004\CODE\TUT3\TUT3-2.ASM 1 : Found directive in column 1. (LIST)
Warning[205] B:\BRIDGE\CITY2020_SEM_A\EE2004\CODE\TUT3\TUT3-2.ASM 4 : Found directive in column 1. (ORG)
Warning[205] B:\BRIDGE\CITY2020_SEM_A\EE2004\CODE\TUT3\TUT3-2.ASM 5 : Found directive in column 1. (CBLOCK)
Warning[205] B:\BRIDGE\CITY2020_SEM_A\EE2004\CODE\TUT3\TUT3-2.ASM 8 : Found directive in column 1. (ENDC)
Warning[203] B:\BRIDGE\CITY2020_SEM_A\EE2004\CODE\TUT3\TUT3-2.ASM 9 : Found opcode in column 1. (MOVLW)
Warning[203] B:\BRIDGE\CITY2020_SEM_A\EE2004\CODE\TUT3\TUT3-2.ASM 10 : Found opcode in column 1. (MOVWF)
Warning[203] B:\BRIDGE\CITY2020_SEM_A\EE2004\CODE\TUT3\TUT3-2.ASM 11 : Found opcode in column 1. (MOVLW)
Warning[203] B:\BRIDGE\CITY2020_SEM_A\EE2004\CODE\TUT3\TUT3-2.ASM 12 : Found opcode in column 1. (MOVWF)
Warning[203] B:\BRIDGE\CITY2020_SEM_A\EE2004\CODE\TUT3\TUT3-2.ASM 13 : Found opcode in column 1. (MOVLW)
Warning[203] B:\BRIDGE\CITY2020_SEM_A\EE2004\CODE\TUT3\TUT3-2.ASM 14 : Found opcode in column 1. (MOVWF)
Warning[203] B:\BRIDGE\CITY2020_SEM_A\EE2004\CODE\TUT3\TUT3-2.ASM 15 : Found opcode in column 1. (MOVLW)
Warning[203] B:\BRIDGE\CITY2020_SEM_A\EE2004\CODE\TUT3\TUT3-2.ASM 16 : Found opcode in column 1. (MOVWF)
Warning[203] B:\BRIDGE\CITY2020_SEM_A\EE2004\CODE\TUT3\TUT3-2.ASM 17 : Found opcode in column 1. (MOVLW)
Warning[203] B:\BRIDGE\CITY2020_SEM_A\EE2004\CODE\TUT3\TUT3-2.ASM 18 : Found opcode in column 1. (MOVWF)
Warning[203] B:\BRIDGE\CITY2020_SEM_A\EE2004\CODE\TUT3\TUT3-2.ASM 19 : Found opcode in column 1. (MOVLW)
Warning[203] B:\BRIDGE\CITY2020_SEM_A\EE2004\CODE\TUT3\TUT3-2.ASM 20 : Found opcode in column 1. (MOVWF)
Warning[203] B:\BRIDGE\CITY2020_SEM_A\EE2004\CODE\TUT3\TUT3-2.ASM 21 : Found opcode in column 1. (MOVLW)
Warning[203] B:\BRIDGE\CITY2020_SEM_A\EE2004\CODE\TUT3\TUT3-2.ASM 22 : Found opcode in column 1. (MOVWF)
Warning[203] B:\BRIDGE\CITY2020_SEM_A\EE2004\CODE\TUT3\TUT3-2.ASM 23 : Found opcode in column 1. (MOVLW)
Warning[203] B:\BRIDGE\CITY2020_SEM_A\EE2004\CODE\TUT3\TUT3-2.ASM 24 : Found opcode in column 1. (MOVWF)
Warning[203] B:\BRIDGE\CITY2020_SEM_A\EE2004\CODE\TUT3\TUT3-2.ASM 25 : Found opcode in column 1. (MOVLW)
Warning[203] B:\BRIDGE\CITY2020_SEM_A\EE2004\CODE\TUT3\TUT3-2.ASM 26 : Found opcode in column 1. (MOVWF)
Warning[205] B:\BRIDGE\CITY2020_SEM_A\EE2004\CODE\TUT3\TUT3-2.ASM 28 : Found directive in column 1. (END)
