Warning[205] B:\BRIDGE\CITY2020_SEM_A\EE2004\CODE\TUT3\TUT3.ASM 1 : Found directive in column 1. (LIST)
Warning[205] B:\BRIDGE\CITY2020_SEM_A\EE2004\CODE\TUT3\TUT3.ASM 4 : Found directive in column 1. (ORG)
Warning[203] B:\BRIDGE\CITY2020_SEM_A\EE2004\CODE\TUT3\TUT3.ASM 6 : Found opcode in column 1. (movlw)
Warning[203] B:\BRIDGE\CITY2020_SEM_A\EE2004\CODE\TUT3\TUT3.ASM 7 : Found opcode in column 1. (movwf)
Warning[203] B:\BRIDGE\CITY2020_SEM_A\EE2004\CODE\TUT3\TUT3.ASM 8 : Found opcode in column 1. (movlw)
Warning[203] B:\BRIDGE\CITY2020_SEM_A\EE2004\CODE\TUT3\TUT3.ASM 9 : Found opcode in column 1. (addwf)
Warning[203] B:\BRIDGE\CITY2020_SEM_A\EE2004\CODE\TUT3\TUT3.ASM 10 : Found opcode in column 1. (movlw)
Warning[203] B:\BRIDGE\CITY2020_SEM_A\EE2004\CODE\TUT3\TUT3.ASM 11 : Found opcode in column 1. (addwf)
Warning[203] B:\BRIDGE\CITY2020_SEM_A\EE2004\CODE\TUT3\TUT3.ASM 12 : Found opcode in column 1. (movlw)
Warning[203] B:\BRIDGE\CITY2020_SEM_A\EE2004\CODE\TUT3\TUT3.ASM 13 : Found opcode in column 1. (addwf)
Warning[203] B:\BRIDGE\CITY2020_SEM_A\EE2004\CODE\TUT3\TUT3.ASM 14 : Found opcode in column 1. (movlw)
Warning[203] B:\BRIDGE\CITY2020_SEM_A\EE2004\CODE\TUT3\TUT3.ASM 15 : Found opcode in column 1. (addwf)
Warning[203] B:\BRIDGE\CITY2020_SEM_A\EE2004\CODE\TUT3\TUT3.ASM 16 : Found opcode in column 1. (movlw)
Warning[203] B:\BRIDGE\CITY2020_SEM_A\EE2004\CODE\TUT3\TUT3.ASM 17 : Found opcode in column 1. (addwf)
Warning[203] B:\BRIDGE\CITY2020_SEM_A\EE2004\CODE\TUT3\TUT3.ASM 18 : Found opcode in column 1. (movlw)
Warning[203] B:\BRIDGE\CITY2020_SEM_A\EE2004\CODE\TUT3\TUT3.ASM 19 : Found opcode in column 1. (addwf)
Warning[203] B:\BRIDGE\CITY2020_SEM_A\EE2004\CODE\TUT3\TUT3.ASM 20 : Found opcode in column 1. (movlw)
Warning[203] B:\BRIDGE\CITY2020_SEM_A\EE2004\CODE\TUT3\TUT3.ASM 21 : Found opcode in column 1. (addwf)
Warning[203] B:\BRIDGE\CITY2020_SEM_A\EE2004\CODE\TUT3\TUT3.ASM 22 : Found opcode in column 1. (movlw)
Warning[203] B:\BRIDGE\CITY2020_SEM_A\EE2004\CODE\TUT3\TUT3.ASM 23 : Found opcode in column 1. (addwf)
Warning[205] B:\BRIDGE\CITY2020_SEM_A\EE2004\CODE\TUT3\TUT3.ASM 25 : Found directive in column 1. (END)
