Warning[205] D:\BRIDGE\CITY2020_SEM_A\EE2004\CODE\QUIZ1\QUIZ1.ASM 1 : Found directive in column 1. (LIST)
Warning[205] D:\BRIDGE\CITY2020_SEM_A\EE2004\CODE\QUIZ1\QUIZ1.ASM 4 : Found directive in column 1. (ORG)
Warning[203] D:\BRIDGE\CITY2020_SEM_A\EE2004\CODE\QUIZ1\QUIZ1.ASM 5 : Found opcode in column 1. (clrf)
Warning[203] D:\BRIDGE\CITY2020_SEM_A\EE2004\CODE\QUIZ1\QUIZ1.ASM 7 : Found opcode in column 1. (MOVLW)
Warning[203] D:\BRIDGE\CITY2020_SEM_A\EE2004\CODE\QUIZ1\QUIZ1.ASM 8 : Found opcode in column 1. (MOVWF)
Warning[203] D:\BRIDGE\CITY2020_SEM_A\EE2004\CODE\QUIZ1\QUIZ1.ASM 9 : Found opcode in column 1. (MOVWF)
Warning[203] D:\BRIDGE\CITY2020_SEM_A\EE2004\CODE\QUIZ1\QUIZ1.ASM 11 : Found opcode in column 1. (MOVLW)
Warning[203] D:\BRIDGE\CITY2020_SEM_A\EE2004\CODE\QUIZ1\QUIZ1.ASM 12 : Found opcode in column 1. (ADDWF)
Warning[203] D:\BRIDGE\CITY2020_SEM_A\EE2004\CODE\QUIZ1\QUIZ1.ASM 13 : Found opcode in column 1. (MOVWF)
Warning[203] D:\BRIDGE\CITY2020_SEM_A\EE2004\CODE\QUIZ1\QUIZ1.ASM 14 : Found opcode in column 1. (MOVLW)
Warning[203] D:\BRIDGE\CITY2020_SEM_A\EE2004\CODE\QUIZ1\QUIZ1.ASM 15 : Found opcode in column 1. (ADDWF)
Warning[203] D:\BRIDGE\CITY2020_SEM_A\EE2004\CODE\QUIZ1\QUIZ1.ASM 16 : Found opcode in column 1. (MOVWF)
Warning[203] D:\BRIDGE\CITY2020_SEM_A\EE2004\CODE\QUIZ1\QUIZ1.ASM 17 : Found opcode in column 1. (MOVLW)
Warning[203] D:\BRIDGE\CITY2020_SEM_A\EE2004\CODE\QUIZ1\QUIZ1.ASM 18 : Found opcode in column 1. (ADDWF)
Warning[203] D:\BRIDGE\CITY2020_SEM_A\EE2004\CODE\QUIZ1\QUIZ1.ASM 19 : Found opcode in column 1. (MOVWF)
Warning[203] D:\BRIDGE\CITY2020_SEM_A\EE2004\CODE\QUIZ1\QUIZ1.ASM 20 : Found opcode in column 1. (MOVLW)
Warning[203] D:\BRIDGE\CITY2020_SEM_A\EE2004\CODE\QUIZ1\QUIZ1.ASM 21 : Found opcode in column 1. (ADDWF)
Warning[203] D:\BRIDGE\CITY2020_SEM_A\EE2004\CODE\QUIZ1\QUIZ1.ASM 22 : Found opcode in column 1. (MOVWF)
Warning[203] D:\BRIDGE\CITY2020_SEM_A\EE2004\CODE\QUIZ1\QUIZ1.ASM 23 : Found opcode in column 1. (MOVLW)
Warning[203] D:\BRIDGE\CITY2020_SEM_A\EE2004\CODE\QUIZ1\QUIZ1.ASM 24 : Found opcode in column 1. (ADDWF)
Warning[203] D:\BRIDGE\CITY2020_SEM_A\EE2004\CODE\QUIZ1\QUIZ1.ASM 25 : Found opcode in column 1. (MOVWF)
Warning[203] D:\BRIDGE\CITY2020_SEM_A\EE2004\CODE\QUIZ1\QUIZ1.ASM 26 : Found opcode in column 1. (MOVLW)
Warning[203] D:\BRIDGE\CITY2020_SEM_A\EE2004\CODE\QUIZ1\QUIZ1.ASM 27 : Found opcode in column 1. (ADDWF)
Warning[203] D:\BRIDGE\CITY2020_SEM_A\EE2004\CODE\QUIZ1\QUIZ1.ASM 28 : Found opcode in column 1. (MOVWF)
Warning[203] D:\BRIDGE\CITY2020_SEM_A\EE2004\CODE\QUIZ1\QUIZ1.ASM 29 : Found opcode in column 1. (MOVLW)
Warning[203] D:\BRIDGE\CITY2020_SEM_A\EE2004\CODE\QUIZ1\QUIZ1.ASM 30 : Found opcode in column 1. (ADDWF)
Warning[203] D:\BRIDGE\CITY2020_SEM_A\EE2004\CODE\QUIZ1\QUIZ1.ASM 31 : Found opcode in column 1. (MOVWF)
Warning[203] D:\BRIDGE\CITY2020_SEM_A\EE2004\CODE\QUIZ1\QUIZ1.ASM 32 : Found opcode in column 1. (MOVLW)
Warning[203] D:\BRIDGE\CITY2020_SEM_A\EE2004\CODE\QUIZ1\QUIZ1.ASM 33 : Found opcode in column 1. (ADDWF)
Warning[203] D:\BRIDGE\CITY2020_SEM_A\EE2004\CODE\QUIZ1\QUIZ1.ASM 34 : Found opcode in column 1. (MOVWF)
Warning[205] D:\BRIDGE\CITY2020_SEM_A\EE2004\CODE\QUIZ1\QUIZ1.ASM 37 : Found directive in column 1. (END)
