Warning[205] D:\BRIDGE\CITY2020_SEM_A\EE2004\CODE\TUT6\TUT6-2.ASM 1 : Found directive in column 1. (LIST)
Warning[205] D:\BRIDGE\CITY2020_SEM_A\EE2004\CODE\TUT6\TUT6-2.ASM 4 : Found directive in column 1. (CONFIG)
Warning[205] D:\BRIDGE\CITY2020_SEM_A\EE2004\CODE\TUT6\TUT6-2.ASM 5 : Found directive in column 1. (CONFIG)
Warning[205] D:\BRIDGE\CITY2020_SEM_A\EE2004\CODE\TUT6\TUT6-2.ASM 6 : Found directive in column 1. (CONFIG)
Warning[205] D:\BRIDGE\CITY2020_SEM_A\EE2004\CODE\TUT6\TUT6-2.ASM 9 : Found directive in column 1. (ORG)
Warning[203] D:\BRIDGE\CITY2020_SEM_A\EE2004\CODE\TUT6\TUT6-2.ASM 10 : Found opcode in column 1. (goto)
Warning[205] D:\BRIDGE\CITY2020_SEM_A\EE2004\CODE\TUT6\TUT6-2.ASM 11 : Found directive in column 1. (ORG)
Warning[203] D:\BRIDGE\CITY2020_SEM_A\EE2004\CODE\TUT6\TUT6-2.ASM 14 : Found opcode in column 1. (movlw)
Warning[203] D:\BRIDGE\CITY2020_SEM_A\EE2004\CODE\TUT6\TUT6-2.ASM 15 : Found opcode in column 1. (movwf)
Warning[203] D:\BRIDGE\CITY2020_SEM_A\EE2004\CODE\TUT6\TUT6-2.ASM 16 : Found opcode in column 1. (clrf)
Warning[203] D:\BRIDGE\CITY2020_SEM_A\EE2004\CODE\TUT6\TUT6-2.ASM 17 : Found opcode in column 1. (setf)
Warning[203] D:\BRIDGE\CITY2020_SEM_A\EE2004\CODE\TUT6\TUT6-2.ASM 18 : Found opcode in column 1. (movlw)
Warning[203] D:\BRIDGE\CITY2020_SEM_A\EE2004\CODE\TUT6\TUT6-2.ASM 19 : Found opcode in column 1. (movwf)
Warning[203] D:\BRIDGE\CITY2020_SEM_A\EE2004\CODE\TUT6\TUT6-2.ASM 22 : Found opcode in column 1. (btfss)
Warning[203] D:\BRIDGE\CITY2020_SEM_A\EE2004\CODE\TUT6\TUT6-2.ASM 23 : Found opcode in column 1. (call)
Warning[203] D:\BRIDGE\CITY2020_SEM_A\EE2004\CODE\TUT6\TUT6-2.ASM 24 : Found opcode in column 1. (btfss)
Warning[203] D:\BRIDGE\CITY2020_SEM_A\EE2004\CODE\TUT6\TUT6-2.ASM 25 : Found opcode in column 1. (call)
Warning[203] D:\BRIDGE\CITY2020_SEM_A\EE2004\CODE\TUT6\TUT6-2.ASM 26 : Found opcode in column 1. (btfss)
Warning[203] D:\BRIDGE\CITY2020_SEM_A\EE2004\CODE\TUT6\TUT6-2.ASM 27 : Found opcode in column 1. (call)
Warning[203] D:\BRIDGE\CITY2020_SEM_A\EE2004\CODE\TUT6\TUT6-2.ASM 28 : Found opcode in column 1. (btfss)
Warning[203] D:\BRIDGE\CITY2020_SEM_A\EE2004\CODE\TUT6\TUT6-2.ASM 29 : Found opcode in column 1. (call)
Warning[203] D:\BRIDGE\CITY2020_SEM_A\EE2004\CODE\TUT6\TUT6-2.ASM 30 : Found opcode in column 1. (btfss)
Warning[203] D:\BRIDGE\CITY2020_SEM_A\EE2004\CODE\TUT6\TUT6-2.ASM 31 : Found opcode in column 1. (call)
Warning[203] D:\BRIDGE\CITY2020_SEM_A\EE2004\CODE\TUT6\TUT6-2.ASM 32 : Found opcode in column 1. (btfss)
Warning[203] D:\BRIDGE\CITY2020_SEM_A\EE2004\CODE\TUT6\TUT6-2.ASM 33 : Found opcode in column 1. (call)
Warning[203] D:\BRIDGE\CITY2020_SEM_A\EE2004\CODE\TUT6\TUT6-2.ASM 34 : Found opcode in column 1. (btfss)
Warning[203] D:\BRIDGE\CITY2020_SEM_A\EE2004\CODE\TUT6\TUT6-2.ASM 35 : Found opcode in column 1. (call)
Warning[203] D:\BRIDGE\CITY2020_SEM_A\EE2004\CODE\TUT6\TUT6-2.ASM 36 : Found opcode in column 1. (btfss)
Warning[203] D:\BRIDGE\CITY2020_SEM_A\EE2004\CODE\TUT6\TUT6-2.ASM 37 : Found opcode in column 1. (call)
Warning[203] D:\BRIDGE\CITY2020_SEM_A\EE2004\CODE\TUT6\TUT6-2.ASM 38 : Found opcode in column 1. (goto)
Warning[203] D:\BRIDGE\CITY2020_SEM_A\EE2004\CODE\TUT6\TUT6-2.ASM 41 : Found opcode in column 1. (movwf)
Warning[203] D:\BRIDGE\CITY2020_SEM_A\EE2004\CODE\TUT6\TUT6-2.ASM 43 : Found opcode in column 1. (bnz)
Warning[203] D:\BRIDGE\CITY2020_SEM_A\EE2004\CODE\TUT6\TUT6-2.ASM 44 : Found opcode in column 1. (return)
Warning[203] D:\BRIDGE\CITY2020_SEM_A\EE2004\CODE\TUT6\TUT6-2.ASM 47 : Found opcode in column 1. (movwf)
Warning[203] D:\BRIDGE\CITY2020_SEM_A\EE2004\CODE\TUT6\TUT6-2.ASM 48 : Found opcode in column 1. (call)
Warning[203] D:\BRIDGE\CITY2020_SEM_A\EE2004\CODE\TUT6\TUT6-2.ASM 50 : Found opcode in column 1. (bra)
Warning[203] D:\BRIDGE\CITY2020_SEM_A\EE2004\CODE\TUT6\TUT6-2.ASM 51 : Found opcode in column 1. (call)
Warning[203] D:\BRIDGE\CITY2020_SEM_A\EE2004\CODE\TUT6\TUT6-2.ASM 52 : Found opcode in column 1. (return)
Warning[203] D:\BRIDGE\CITY2020_SEM_A\EE2004\CODE\TUT6\TUT6-2.ASM 55 : Found opcode in column 1. (movwf)
Warning[203] D:\BRIDGE\CITY2020_SEM_A\EE2004\CODE\TUT6\TUT6-2.ASM 56 : Found opcode in column 1. (call)
Warning[203] D:\BRIDGE\CITY2020_SEM_A\EE2004\CODE\TUT6\TUT6-2.ASM 58 : Found opcode in column 1. (bra)
Warning[203] D:\BRIDGE\CITY2020_SEM_A\EE2004\CODE\TUT6\TUT6-2.ASM 59 : Found opcode in column 1. (call)
Warning[203] D:\BRIDGE\CITY2020_SEM_A\EE2004\CODE\TUT6\TUT6-2.ASM 60 : Found opcode in column 1. (return)
Warning[203] D:\BRIDGE\CITY2020_SEM_A\EE2004\CODE\TUT6\TUT6-2.ASM 63 : Found opcode in column 1. (movwf)
Warning[203] D:\BRIDGE\CITY2020_SEM_A\EE2004\CODE\TUT6\TUT6-2.ASM 64 : Found opcode in column 1. (call)
Warning[203] D:\BRIDGE\CITY2020_SEM_A\EE2004\CODE\TUT6\TUT6-2.ASM 66 : Found opcode in column 1. (bra)
Warning[203] D:\BRIDGE\CITY2020_SEM_A\EE2004\CODE\TUT6\TUT6-2.ASM 67 : Found opcode in column 1. (call)
Warning[203] D:\BRIDGE\CITY2020_SEM_A\EE2004\CODE\TUT6\TUT6-2.ASM 68 : Found opcode in column 1. (return)
Warning[203] D:\BRIDGE\CITY2020_SEM_A\EE2004\CODE\TUT6\TUT6-2.ASM 71 : Found opcode in column 1. (movwf)
Warning[203] D:\BRIDGE\CITY2020_SEM_A\EE2004\CODE\TUT6\TUT6-2.ASM 72 : Found opcode in column 1. (call)
Warning[203] D:\BRIDGE\CITY2020_SEM_A\EE2004\CODE\TUT6\TUT6-2.ASM 74 : Found opcode in column 1. (bra)
Warning[203] D:\BRIDGE\CITY2020_SEM_A\EE2004\CODE\TUT6\TUT6-2.ASM 75 : Found opcode in column 1. (call)
Warning[203] D:\BRIDGE\CITY2020_SEM_A\EE2004\CODE\TUT6\TUT6-2.ASM 76 : Found opcode in column 1. (return)
Warning[203] D:\BRIDGE\CITY2020_SEM_A\EE2004\CODE\TUT6\TUT6-2.ASM 79 : Found opcode in column 1. (movwf)
Warning[203] D:\BRIDGE\CITY2020_SEM_A\EE2004\CODE\TUT6\TUT6-2.ASM 80 : Found opcode in column 1. (call)
Warning[203] D:\BRIDGE\CITY2020_SEM_A\EE2004\CODE\TUT6\TUT6-2.ASM 82 : Found opcode in column 1. (bra)
Warning[203] D:\BRIDGE\CITY2020_SEM_A\EE2004\CODE\TUT6\TUT6-2.ASM 83 : Found opcode in column 1. (call)
Warning[203] D:\BRIDGE\CITY2020_SEM_A\EE2004\CODE\TUT6\TUT6-2.ASM 84 : Found opcode in column 1. (return)
Warning[203] D:\BRIDGE\CITY2020_SEM_A\EE2004\CODE\TUT6\TUT6-2.ASM 87 : Found opcode in column 1. (movwf)
Warning[203] D:\BRIDGE\CITY2020_SEM_A\EE2004\CODE\TUT6\TUT6-2.ASM 88 : Found opcode in column 1. (call)
Warning[203] D:\BRIDGE\CITY2020_SEM_A\EE2004\CODE\TUT6\TUT6-2.ASM 90 : Found opcode in column 1. (bra)
Warning[203] D:\BRIDGE\CITY2020_SEM_A\EE2004\CODE\TUT6\TUT6-2.ASM 91 : Found opcode in column 1. (call)
Warning[203] D:\BRIDGE\CITY2020_SEM_A\EE2004\CODE\TUT6\TUT6-2.ASM 92 : Found opcode in column 1. (return)
Warning[203] D:\BRIDGE\CITY2020_SEM_A\EE2004\CODE\TUT6\TUT6-2.ASM 95 : Found opcode in column 1. (movwf)
Warning[203] D:\BRIDGE\CITY2020_SEM_A\EE2004\CODE\TUT6\TUT6-2.ASM 96 : Found opcode in column 1. (call)
Warning[203] D:\BRIDGE\CITY2020_SEM_A\EE2004\CODE\TUT6\TUT6-2.ASM 98 : Found opcode in column 1. (bra)
Warning[203] D:\BRIDGE\CITY2020_SEM_A\EE2004\CODE\TUT6\TUT6-2.ASM 99 : Found opcode in column 1. (call)
Warning[203] D:\BRIDGE\CITY2020_SEM_A\EE2004\CODE\TUT6\TUT6-2.ASM 100 : Found opcode in column 1. (return)
Warning[203] D:\BRIDGE\CITY2020_SEM_A\EE2004\CODE\TUT6\TUT6-2.ASM 103 : Found opcode in column 1. (movwf)
Warning[203] D:\BRIDGE\CITY2020_SEM_A\EE2004\CODE\TUT6\TUT6-2.ASM 104 : Found opcode in column 1. (call)
Warning[203] D:\BRIDGE\CITY2020_SEM_A\EE2004\CODE\TUT6\TUT6-2.ASM 106 : Found opcode in column 1. (bra)
Warning[203] D:\BRIDGE\CITY2020_SEM_A\EE2004\CODE\TUT6\TUT6-2.ASM 107 : Found opcode in column 1. (call)
Warning[203] D:\BRIDGE\CITY2020_SEM_A\EE2004\CODE\TUT6\TUT6-2.ASM 108 : Found opcode in column 1. (return)
Warning[205] D:\BRIDGE\CITY2020_SEM_A\EE2004\CODE\TUT6\TUT6-2.ASM 110 : Found directive in column 1. (END)
